#
# A fatal error has been detected by the Java Runtime Environment:
#
#  SIGSEGV (0xb) at pc=0x0000000104956318, pid=17240, tid=259
#
# JRE version: OpenJDK Runtime Environment Corretto-17.0.3.6.1 (17.0.3+6) (build 17.0.3+6-LTS)
# Java VM: OpenJDK 64-Bit Server VM Corretto-17.0.3.6.1 (17.0.3+6-LTS, mixed mode, sharing, tiered, compressed oops, compressed class ptrs, g1 gc, bsd-amd64)
# Problematic frame:
# V  [libjvm.dylib+0xa5e318]  _ZN16SystemDictionary17check_constraintsEjP13InstanceKlass6HandlebP10JavaThread+0xd8
#
# No core dump will be written. Core dumps have been disabled. To enable core dumping, try "ulimit -c unlimited" before starting Java again
#
# If you would like to submit a bug report, please visit:
#   https://github.com/corretto/corretto-17/issues/
#

---------------  S U M M A R Y ------------

Command Line: -Dfile.encoding=UTF-8 -Duser.country=DE -Duser.language=en -Duser.variant --module-path=/Users/hakizimanaemmanuel/Desktop/bachelor-project/build/libs/Pacman-1.0-SNAPSHOT.jar:/Users/hakizimanaemmanuel/Desktop/bachelor-project/build/classes/java/main:/Users/hakizimanaemmanuel/.gradle/caches/modules-2/files-2.1/org.openjfx/javafx-fxml/17.0.1/4ec9abf3948b347b5ce0e09813add3f25a6dbc0b/javafx-fxml-17.0.1-mac.jar:/Users/hakizimanaemmanuel/.gradle/caches/modules-2/files-2.1/org.openjfx/javafx-controls/17.0.1/9c4e3c7ee4fe3f2d71cb94811910695f43040dc5/javafx-controls-17.0.1-mac.jar:/Users/hakizimanaemmanuel/.gradle/caches/modules-2/files-2.1/org.openjfx/javafx-controls/17.0.1/4aa202089425f7b3bac4566e98da4b94ad10ee00/javafx-controls-17.0.1.jar:/Users/hakizimanaemmanuel/.gradle/caches/modules-2/files-2.1/org.openjfx/javafx-graphics/17.0.1/60505369f7528056d4d8c5ea080df5447bdb0264/javafx-graphics-17.0.1-mac.jar:/Users/hakizimanaemmanuel/.gradle/caches/modules-2/files-2.1/org.openjfx/javafx-graphics/17.0.1/5e29de2d1e6320c2c8c4af9fef186d82f3953155/javafx-graphics-17.0.1-win.jar:/Users/hakizimanaemmanuel/.gradle/caches/modules-2/files-2.1/org.openjfx/javafx-graphics/17.0.1/fd5a2d9a6d0a503e126b710c620a70830df46573/javafx-graphics-17.0.1-linux.jar:/Users/hakizimanaemmanuel/.gradle/caches/modules-2/files-2.1/org.openjfx/javafx-graphics/17.0.1/324fd0f6c9c55330fc64a44dde0887d9646e800a/javafx-graphics-17.0.1.jar:/Users/hakizimanaemmanuel/.gradle/caches/modules-2/files-2.1/org.openjfx/javafx-base/17.0.1/75cfa6f780ea3b3fd4ae336161e9e136ebb91ef2/javafx-base-17.0.1-mac.jar:/Users/hakizimanaemmanuel/.gradle/caches/modules-2/files-2.1/org.openjfx/javafx-base/17.0.1/2c53dcf0d89ff42a63b09d941cab75c5a052ef32/javafx-base-17.0.1.jar:/Users/hakizimanaemmanuel/.gradle/caches/modules-2/files-2.1/org.controlsfx/controlsfx/11.1.2/584bc3f468e2c33100fcdbb1daf0a3e095e5e031/controlsfx-11.1.2.jar:/Users/hakizimanaemmanuel/.gradle/caches/modules-2/files-2.1/com.dlsc.formsfx/formsfx-core/11.5.0/4e6bc5b8ba4633b1c59d19380623c980eb81e7c2/formsfx-core-11.5.0.jar:/Users/hakizimanaemmanuel/-Djdk.module.main=de.bp.pacman de.bp.pacman/de.bp.pacman.Main

Host: "MacBookPro13,2" x86_64 2900 MHz, 4 cores, 8G, Darwin 21.6.0, macOS 12.6.3 (21G419)
Time: Mon Feb  6 23:11:45 2023 CET elapsed time: 0.732008 seconds (0d 0h 0m 0s)

---------------  T H R E A D  ---------------

Current thread (0x00007f99cd06e800):  JavaThread "JavaFX Application Thread" [_thread_in_vm, id=259, stack(0x00007ff7bca78000,0x00007ff7bd278000)]

Stack: [0x00007ff7bca78000,0x00007ff7bd278000],  sp=0x00007ff7bd2724d0,  free space=8169k
Native frames: (J=compiled Java code, j=interpreted, Vv=VM code, C=native code)
V  [libjvm.dylib+0xa5e318]  _ZN16SystemDictionary17check_constraintsEjP13InstanceKlass6HandlebP10JavaThread+0xd8
V  [libjvm.dylib+0xa5caae]  _ZN16SystemDictionary19load_instance_classEjP6Symbol6HandleP10JavaThread+0x8e
V  [libjvm.dylib+0xa5c02f]  _ZN16SystemDictionary30resolve_instance_class_or_nullEP6Symbol6HandleS2_P10JavaThread+0x56f
V  [libjvm.dylib+0xa5b5b4]  _ZN16SystemDictionary15resolve_or_failEP6Symbol6HandleS2_bP10JavaThread+0x64
V  [libjvm.dylib+0x9e10f0]  _ZN15SignatureStream14as_java_mirrorE6HandleS0_NS_11FailureModeEP10JavaThread+0x90
V  [libjvm.dylib+0xa5ffb2]  _ZN16SystemDictionary23find_method_handle_typeEP6SymbolP5KlassP10JavaThread+0x4e2
V  [libjvm.dylib+0x358bb0]  _ZN12ConstantPool24resolve_constant_at_implERK18constantPoolHandleiiPbP10JavaThread+0x600
V  [libjvm.dylib+0x3592ca]  _ZN12ConstantPool32copy_bootstrap_arguments_at_implERK18constantPoolHandleiii14objArrayHandleib6HandleP10JavaThread+0x19a
V  [libjvm.dylib+0x1db51a]  _ZN13BootstrapInfo12resolve_argsEP10JavaThread+0x38a
V  [libjvm.dylib+0x1db0f4]  _ZN13BootstrapInfo11resolve_bsmEP10JavaThread+0x254
V  [libjvm.dylib+0xa60ded]  _ZN16SystemDictionary23invoke_bootstrap_methodER13BootstrapInfoP10JavaThread+0x2d
V  [libjvm.dylib+0x73533e]  _ZN12LinkResolver20resolve_dynamic_callER8CallInfoR13BootstrapInfoP10JavaThread+0x1e
V  [libjvm.dylib+0x734df0]  _ZN12LinkResolver21resolve_invokedynamicER8CallInfoRK18constantPoolHandleiP10JavaThread+0x80
V  [libjvm.dylib+0x51cdce]  _ZN18InterpreterRuntime21resolve_invokedynamicEP10JavaThread+0x11e
V  [libjvm.dylib+0x51cec7]  _ZN18InterpreterRuntime18resolve_from_cacheEP10JavaThreadN9Bytecodes4CodeE+0x77
j  com.sun.javafx.tk.quantum.QuantumRenderer.createResourceFactory()V+10 javafx.graphics
j  com.sun.javafx.tk.quantum.QuantumToolkit.runToolkit()V+40 javafx.graphics
j  com.sun.javafx.tk.quantum.QuantumToolkit.lambda$startup$10()V+1 javafx.graphics
j  com.sun.javafx.tk.quantum.QuantumToolkit$$Lambda$93+0x0000000800c2b5f8.run()V+4 javafx.graphics
j  com.sun.glass.ui.Application.lambda$run$1(Ljava/lang/Runnable;)V+4 javafx.graphics
j  com.sun.glass.ui.Application$$Lambda$98+0x0000000800c304b0.run()V+4 javafx.graphics
j  com.sun.glass.ui.mac.MacApplication.lambda$runLoop$3(Ljava/lang/Runnable;)V+12 javafx.graphics
j  com.sun.glass.ui.mac.MacApplication$$Lambda$99+0x0000000800c306d8.run()V+8 javafx.graphics
v  ~StubRoutines::call_stub
V  [libjvm.dylib+0x5232f2]  _ZN9JavaCalls11call_helperEP9JavaValueRK12methodHandleP17JavaCallArgumentsP10JavaThread+0x2a2
V  [libjvm.dylib+0x57f540]  _ZL20jni_invoke_nonstaticP7JNIEnv_P9JavaValueP8_jobject11JNICallTypeP10_jmethodIDP18JNI_ArgumentPusherP10JavaThread+0x2e0
V  [libjvm.dylib+0x58399b]  jni_CallVoidMethod+0x19b
C  [libglass.dylib+0x8582]  -[GlassApplication applicationWillFinishLaunching:]+0x192
C  [CoreFoundation+0x7575c]  __CFNOTIFICATIONCENTER_IS_CALLING_OUT_TO_AN_OBSERVER__+0xc
C  [CoreFoundation+0x112b32]  ___CFXRegistrationPost_block_invoke+0x31
C  [CoreFoundation+0x112ab0]  _CFXRegistrationPost+0x1f0
C  [CoreFoundation+0x473e8]  _CFXNotificationPost+0x2df
C  [Foundation+0x97fe]  -[NSNotificationCenter postNotificationName:object:userInfo:]+0x52
C  [AppKit+0x2ffbf]  -[NSApplication finishLaunching]+0x147
C  [AppKit+0x2fbc9]  -[NSApplication run]+0xfa
C  [libglass.dylib+0xa2a5]  -[GlassApplication runLoop:]+0x795
C  [Foundation+0x81527]  __NSThreadPerformPerform+0xb3
C  [CoreFoundation+0x8017b]  __CFRUNLOOP_IS_CALLING_OUT_TO_A_SOURCE0_PERFORM_FUNCTION__+0x11
C  [CoreFoundation+0x800e3]  __CFRunLoopDoSource0+0xb4
C  [CoreFoundation+0x7fe5d]  __CFRunLoopDoSources0+0xf2
C  [CoreFoundation+0x7e878]  __CFRunLoopRun+0x37c
C  [CoreFoundation+0x7de3c]  CFRunLoopRunSpecific+0x232
C  [libjli.dylib+0x7132]  CreateExecutionEnvironment+0x182
C  [libjli.dylib+0x2c96]  JLI_Launch+0x556
C  [java+0x3c0a]  main+0x18a
C  0x000000010bad552e

Java frames: (J=compiled Java code, j=interpreted, Vv=VM code)
j  com.sun.javafx.tk.quantum.QuantumRenderer.createResourceFactory()V+10 javafx.graphics
j  com.sun.javafx.tk.quantum.QuantumToolkit.runToolkit()V+40 javafx.graphics
j  com.sun.javafx.tk.quantum.QuantumToolkit.lambda$startup$10()V+1 javafx.graphics
j  com.sun.javafx.tk.quantum.QuantumToolkit$$Lambda$93+0x0000000800c2b5f8.run()V+4 javafx.graphics
j  com.sun.glass.ui.Application.lambda$run$1(Ljava/lang/Runnable;)V+4 javafx.graphics
j  com.sun.glass.ui.Application$$Lambda$98+0x0000000800c304b0.run()V+4 javafx.graphics
j  com.sun.glass.ui.mac.MacApplication.lambda$runLoop$3(Ljava/lang/Runnable;)V+12 javafx.graphics
j  com.sun.glass.ui.mac.MacApplication$$Lambda$99+0x0000000800c306d8.run()V+8 javafx.graphics
v  ~StubRoutines::call_stub

siginfo: si_signo: 11 (SIGSEGV), si_code: 0 (unknown), si_addr: 0x0000000000000000

Register to memory mapping:

RAX=0x0 is NULL
RBX=0x00006000033017e8 points into unknown readable memory: 0x0000000787c11b58 | 58 1b c1 87 07 00 00 00
RCX=0x0 is NULL
RDX=0x000000000012d3c3 is an unknown value
RSP=0x00007ff7bd2724d0 is pointing into the stack for thread: 0x00007f99cd06e800
RBP=0x00007ff7bd2725d0 is pointing into the stack for thread: 0x00007f99cd06e800
RSI=0x0000030000000302 is an unknown value
RDI=0x0000600002f08e30 points into unknown readable memory: 0x0000030000000302 | 02 03 00 00 00 03 00 00
R8 =0x00007f99cd06e800 is a thread
R9 =0x0000000000000005 is an unknown value
R10=0x0000000104c78990: _ZN19TemplateInterpreter13_active_tableE+0x4000 in /Users/hakizimanaemmanuel/Library/Java/JavaVirtualMachines/corretto-17.0.3/Contents/Home/lib/server/libjvm.dylib at 0x0000000103ef8000
R11=0x000000011b075080 is at entry_point+0 in (nmethod*)0x000000011b074f10
R12=0x00000000ff409f9f is an unknown value
R13=0xf0f8236e00000000 is an unknown value
R14=0x000060000021cbd0 points into unknown readable memory: 0x6f63001b9f9f0006 | 06 00 9f 9f 1b 00 63 6f
R15=0x000060000220ae00 points into unknown readable memory: 0x00007f99cd06e800 | 00 e8 06 cd 99 7f 00 00


Registers:
RAX=0x0000000000000000, RBX=0x00006000033017e8, RCX=0x0000000000000000, RDX=0x000000000012d3c3
RSP=0x00007ff7bd2724d0, RBP=0x00007ff7bd2725d0, RSI=0x0000030000000302, RDI=0x0000600002f08e30
R8 =0x00007f99cd06e800, R9 =0x0000000000000005, R10=0x0000000104c78990, R11=0x000000011b075080
R12=0x00000000ff409f9f, R13=0xf0f8236e00000000, R14=0x000060000021cbd0, R15=0x000060000220ae00
RIP=0x0000000104956318, EFLAGS=0x0000000000010246, ERR=0x0000000000000000
  TRAPNO=0x000000000000000d

Top of Stack: (sp=0x00007ff7bd2724d0)
0x00007ff7bd2724d0:   00007f99ccf08f10 00007f99ccf092e8
0x00007ff7bd2724e0:   0000600000228060 00007f99ccf08f00
0x00007ff7bd2724f0:   000060000220ae00 00000000000003d8
0x00007ff7bd272500:   00007f99cd06e800 0000000004955f07
0x00007ff7bd272510:   0000000800c31c10 0000000104c022e8
0x00007ff7bd272520:   0000005000000000 0000000000000000
0x00007ff7bd272530:   0000000000000000 0000000000000000
0x00007ff7bd272540:   0000000000000000 0000000000000000
0x00007ff7bd272550:   00007ff7bd272569 0000000000000000
0x00007ff7bd272560:   0000000000000030 0000600003300000
0x00007ff7bd272570:   00006000033019c8 ffffffff00000000
0x00007ff7bd272580:   00007f99ccf08f10 00007f99ccf092e8
0x00007ff7bd272590:   00000000000003d8 0000000000000200
0x00007ff7bd2725a0:   4df061e719a000cb 0000000000000000
0x00007ff7bd2725b0:   00000000ff409f9f 00006000033017e8
0x00007ff7bd2725c0:   0000000800c31c10 00007f99cd06e800
0x00007ff7bd2725d0:   00007ff7bd272610 0000000104954aae
0x00007ff7bd2725e0:   0000000000000000 0000000000000000
0x00007ff7bd2725f0:   0000000000000000 0000000000000000
0x00007ff7bd272600:   00000000ff409f9f 000060000021cbd0
0x00007ff7bd272610:   00007ff7bd272720 000000010495402f
0x00007ff7bd272620:   00000000ff409f9f 00007f99cd06e800
0x00007ff7bd272630:   000060000194a1c0 0000600003301770
0x00007ff7bd272640:   00006000033017e8 0000600003301858
0x00007ff7bd272650:   00000000000000d8 00007ff7bd273390
0x00007ff7bd272660:   00007f99cd06e800 0000000000000000
0x00007ff7bd272670:   000060000194a1c0 0000000000000000
0x00007ff7bd272680:   0000000000000000 0000000000000000
0x00007ff7bd272690:   0000000000000000 00007ff7bd273390
0x00007ff7bd2726a0:   00007f99cd06e800 0000000000000000
0x00007ff7bd2726b0:   00006000033017d8 0000000000000000
0x00007ff7bd2726c0:   0000000000000000 0000600002700770 

Instructions: (pc=0x0000000104956318)
0x0000000104956218:   18 4c 89 f8 48 81 c4 98 00 00 00 5b 41 5c 41 5d
0x0000000104956228:   41 5e 41 5f 5d c3 49 89 c5 e9 e1 fe ff ff 66 2e
0x0000000104956238:   0f 1f 84 00 00 00 00 00 55 48 89 e5 41 57 41 56
0x0000000104956248:   41 55 41 54 53 48 81 ec d8 00 00 00 89 8d 3c ff
0x0000000104956258:   ff ff 49 89 d7 48 89 f3 41 89 fc 48 8b 05 3e 5f
0x0000000104956268:   1f 00 48 8b 00 48 89 45 d0 4c 89 85 30 ff ff ff
0x0000000104956278:   49 8b 80 30 02 00 00 48 8b 48 10 48 89 8d 18 ff
0x0000000104956288:   ff ff 0f 10 40 18 0f 29 85 00 ff ff ff 48 89 85
0x0000000104956298:   10 ff ff ff 48 8b 40 28 48 89 85 28 ff ff ff 48
0x00000001049562a8:   8d bd 48 ff ff ff 31 f6 e8 4b 6f e5 ff 48 89 9d
0x00000001049562b8:   40 ff ff ff 4c 8b 73 18 4c 89 fb 4d 85 ff 74 21
0x00000001049562c8:   48 8b 3b 48 85 ff 74 19 e8 5b 0c ad ff 49 89 c5
0x00000001049562d8:   48 8d 05 51 42 31 00 4c 8b 38 4d 85 ff 75 1b eb
0x00000001049562e8:   28 48 8d 05 00 97 2f 00 4c 8b 28 48 8d 05 36 42
0x00000001049562f8:   31 00 4c 8b 38 4d 85 ff 74 0f 4c 89 ff 48 8b b5
0x0000000104956308:   30 ff ff ff e8 2f 9d e1 ff 4c 89 bd 20 ff ff ff
0x0000000104956318:   49 8b 7d 58 44 89 e6 4c 89 f2 e8 a9 93 97 ff 48
0x0000000104956328:   85 c0 0f 84 8b 00 00 00 4c 8b a5 40 ff ff ff 4c
0x0000000104956338:   39 e0 75 12 41 b6 01 b3 01 80 bd 3c ff ff ff 00
0x0000000104956348:   0f 84 a7 01 00 00 4c 89 ef e8 ba ee 89 ff 48 8d
0x0000000104956358:   35 95 b9 19 00 45 31 f6 4c 8d ad 48 ff ff ff 4c
0x0000000104956368:   89 ef 48 89 c2 31 c0 e8 ac 5c e5 ff 4c 89 e7 e8
0x0000000104956378:   74 2b ca ff 4c 89 e3 49 89 c4 48 89 df e8 56 0f
0x0000000104956388:   ca ff 49 89 c7 48 89 df 31 f6 ba 01 00 00 00 e8
0x0000000104956398:   44 32 ca ff 48 8d 35 59 b9 19 00 4c 89 ef 4c 89
0x00000001049563a8:   e2 4c 89 f9 49 89 c0 31 c0 e8 6a 5c e5 ff e9 38
0x00000001049563b8:   01 00 00 48 8b 3d 56 df 33 00 4c 8b bd 40 ff ff
0x00000001049563c8:   ff 4c 89 fe 48 89 da 4c 89 f1 e8 f9 95 cd ff 84
0x00000001049563d8:   c0 74 0a b3 01 45 31 f6 e9 10 01 00 00 4c 89 ef
0x00000001049563e8:   e8 23 ee 89 ff 48 8d 35 38 b9 19 00 4c 8d ad 48
0x00000001049563f8:   ff ff ff 4c 89 ef 48 89 c2 31 c0 e8 18 5c e5 ff
0x0000000104956408:   4c 89 ff e8 e0 2a ca ff 49 89 c4 4c 89 ff e8 c5 


Stack slot to memory mapping:
stack at sp + 0 slots: 0x00007f99ccf08f10 points into unknown readable memory: 0x6974752e6176616a | 6a 61 76 61 2e 75 74 69
stack at sp + 1 slots: 0x00007f99ccf092e8 points into unknown readable memory: 0x0000000000000000 | 00 00 00 00 00 00 00 00
stack at sp + 2 slots: 0x0000600000228060 points into unknown readable memory: 0x0000000000000002 | 02 00 00 00 00 00 00 00
stack at sp + 3 slots: 0x00007f99ccf08f00 points into unknown readable memory: 0x0000000000000000 | 00 00 00 00 00 00 00 00
stack at sp + 4 slots: 0x000060000220ae00 points into unknown readable memory: 0x00007f99cd06e800 | 00 e8 06 cd 99 7f 00 00
stack at sp + 5 slots: 0x00000000000003d8 is an unknown value
stack at sp + 6 slots: 0x00007f99cd06e800 is a thread
stack at sp + 7 slots: 0x0000000004955f07 is an unknown value


---------------  P R O C E S S  ---------------

Threads class SMR info:
_java_thread_list=0x0000600000c44d80, length=15, elements={
0x00007f99cf008a00, 0x00007f99cd813c00, 0x00007f99ce009800, 0x00007f99cf097400,
0x00007f99cf0a3a00, 0x00007f99cf0a4000, 0x00007f99cd018e00, 0x00007f99cd024a00,
0x00007f99cd019c00, 0x00007f99ce00b000, 0x00007f99cd028800, 0x00007f99cf009000,
0x00007f99cd80d400, 0x00007f99cd020600, 0x00007f99cd06e800
}

Java Threads: ( => current thread )
  0x00007f99cf008a00 JavaThread "main" [_thread_blocked, id=6147, stack(0x000070000806d000,0x000070000816d000)]
  0x00007f99cd813c00 JavaThread "Reference Handler" daemon [_thread_blocked, id=16131, stack(0x0000700008782000,0x0000700008882000)]
  0x00007f99ce009800 JavaThread "Finalizer" daemon [_thread_blocked, id=17411, stack(0x0000700008885000,0x0000700008985000)]
  0x00007f99cf097400 JavaThread "Signal Dispatcher" daemon [_thread_blocked, id=22275, stack(0x0000700008a8e000,0x0000700008b8e000)]
  0x00007f99cf0a3a00 JavaThread "Service Thread" daemon [_thread_blocked, id=41731, stack(0x0000700008b91000,0x0000700008c91000)]
  0x00007f99cf0a4000 JavaThread "Monitor Deflation Thread" daemon [_thread_blocked, id=22787, stack(0x0000700008c94000,0x0000700008d94000)]
  0x00007f99cd018e00 JavaThread "C2 CompilerThread0" daemon [_thread_blocked, id=40963, stack(0x0000700008d97000,0x0000700008e97000)]
  0x00007f99cd024a00 JavaThread "C1 CompilerThread0" daemon [_thread_blocked, id=40707, stack(0x0000700008e9a000,0x0000700008f9a000)]
  0x00007f99cd019c00 JavaThread "Sweeper thread" daemon [_thread_blocked, id=40451, stack(0x0000700008f9d000,0x000070000909d000)]
  0x00007f99ce00b000 JavaThread "Common-Cleaner" daemon [_thread_blocked, id=39939, stack(0x00007000090a0000,0x00007000091a0000)]
  0x00007f99cd028800 JavaThread "Notification Thread" daemon [_thread_blocked, id=39427, stack(0x00007000091a3000,0x00007000092a3000)]
  0x00007f99cf009000 JavaThread "JavaFX-Launcher" [_thread_blocked, id=38659, stack(0x00007000093a9000,0x00007000094a9000)]
  0x00007f99cd80d400 JavaThread "QuantumRenderer-0" daemon [_thread_blocked, id=36867, stack(0x00007000097b5000,0x00007000098b5000)]
  0x00007f99cd020600 JavaThread "InvokeLaterDispatcher" daemon [_thread_blocked, id=32523, stack(0x00007000098b8000,0x00007000099b8000)]
=>0x00007f99cd06e800 JavaThread "JavaFX Application Thread" [_thread_in_vm, id=259, stack(0x00007ff7bca78000,0x00007ff7bd278000)]

Other Threads:
  0x00007f99ce804cb0 VMThread "VM Thread" [stack: 0x000070000867f000,0x000070000877f000] [id=15619]
  0x00007f99ce919500 WatcherThread [stack: 0x00007000092a6000,0x00007000093a6000] [id=38915]
  0x00007f99ce906a20 GCTaskThread "GC Thread#0" [stack: 0x0000700008170000,0x0000700008270000] [id=20227]
  0x00007f99ccf11630 GCTaskThread "GC Thread#1" [stack: 0x00007000094ac000,0x00007000095ac000] [id=38147]
  0x00007f99ccf11aa0 GCTaskThread "GC Thread#2" [stack: 0x00007000095af000,0x00007000096af000] [id=37635]
  0x00007f99ccf11f10 GCTaskThread "GC Thread#3" [stack: 0x00007000096b2000,0x00007000097b2000] [id=37379]
  0x00007f99ce9070c0 ConcurrentGCThread "G1 Main Marker" [stack: 0x0000700008273000,0x0000700008373000] [id=19971]
  0x00007f99ccf052b0 ConcurrentGCThread "G1 Conc#0" [stack: 0x0000700008376000,0x0000700008476000] [id=13315]
  0x00007f99ce908940 ConcurrentGCThread "G1 Refine#0" [stack: 0x0000700008479000,0x0000700008579000] [id=13827]
  0x00007f99ce9091d0 ConcurrentGCThread "G1 Service" [stack: 0x000070000857c000,0x000070000867c000] [id=14339]

Threads with active compile tasks:

VM state: not at safepoint (normal execution)

VM Mutex/Monitor currently owned by a thread:  ([mutex/lock_event])
[0x000060000220ae00] SystemDictionary_lock - owner thread: 0x00007f99cd06e800

Heap address: 0x0000000780000000, size: 2048 MB, Compressed Oops mode: Zero based, Oop shift amount: 3

CDS archive(s) mapped at: [0x0000000800000000-0x0000000800bd2000-0x0000000800bd2000), size 12394496, SharedBaseAddress: 0x0000000800000000, ArchiveRelocationMode: 0.
Compressed class space mapped at: 0x0000000800c00000-0x0000000840c00000, reserved size: 1073741824
Narrow klass base: 0x0000000800000000, Narrow klass shift: 0, Narrow klass range: 0x100000000

GC Precious Log:
 CPUs: 4 total, 4 available
 Memory: 8192M
 Large Page Support: Disabled
 NUMA Support: Disabled
 Compressed Oops: Enabled (Zero based)
 Heap Region Size: 1M
 Heap Min Capacity: 8M
 Heap Initial Capacity: 128M
 Heap Max Capacity: 2G
 Pre-touch: Disabled
 Parallel Workers: 4
 Concurrent Workers: 1
 Concurrent Refinement Workers: 4
 Periodic GC: Disabled

Heap:
 garbage-first heap   total 133120K, used 5210K [0x0000000780000000, 0x0000000800000000)
  region size 1024K, 6 young (6144K), 2 survivors (2048K)
 Metaspace       used 3031K, committed 3200K, reserved 1056768K
  class space    used 338K, committed 448K, reserved 1048576K

Heap Regions: E=young(eden), S=young(survivor), O=old, HS=humongous(starts), HC=humongous(continues), CS=collection set, F=free, OA=open archive, CA=closed archive, TAMS=top-at-mark-start (previous, next)
|   0|0x0000000780000000, 0x0000000780000000, 0x0000000780100000|  0%| F|  |TAMS 0x0000000780000000, 0x0000000780000000| Untracked 
|   1|0x0000000780100000, 0x0000000780100000, 0x0000000780200000|  0%| F|  |TAMS 0x0000000780100000, 0x0000000780100000| Untracked 
|   2|0x0000000780200000, 0x0000000780200000, 0x0000000780300000|  0%| F|  |TAMS 0x0000000780200000, 0x0000000780200000| Untracked 
|   3|0x0000000780300000, 0x0000000780300000, 0x0000000780400000|  0%| F|  |TAMS 0x0000000780300000, 0x0000000780300000| Untracked 
|   4|0x0000000780400000, 0x0000000780400000, 0x0000000780500000|  0%| F|  |TAMS 0x0000000780400000, 0x0000000780400000| Untracked 
|   5|0x0000000780500000, 0x0000000780500000, 0x0000000780600000|  0%| F|  |TAMS 0x0000000780500000, 0x0000000780500000| Untracked 
|   6|0x0000000780600000, 0x0000000780600000, 0x0000000780700000|  0%| F|  |TAMS 0x0000000780600000, 0x0000000780600000| Untracked 
|   7|0x0000000780700000, 0x0000000780700000, 0x0000000780800000|  0%| F|  |TAMS 0x0000000780700000, 0x0000000780700000| Untracked 
|   8|0x0000000780800000, 0x0000000780800000, 0x0000000780900000|  0%| F|  |TAMS 0x0000000780800000, 0x0000000780800000| Untracked 
|   9|0x0000000780900000, 0x0000000780900000, 0x0000000780a00000|  0%| F|  |TAMS 0x0000000780900000, 0x0000000780900000| Untracked 
|  10|0x0000000780a00000, 0x0000000780a00000, 0x0000000780b00000|  0%| F|  |TAMS 0x0000000780a00000, 0x0000000780a00000| Untracked 
|  11|0x0000000780b00000, 0x0000000780b00000, 0x0000000780c00000|  0%| F|  |TAMS 0x0000000780b00000, 0x0000000780b00000| Untracked 
|  12|0x0000000780c00000, 0x0000000780c00000, 0x0000000780d00000|  0%| F|  |TAMS 0x0000000780c00000, 0x0000000780c00000| Untracked 
|  13|0x0000000780d00000, 0x0000000780d00000, 0x0000000780e00000|  0%| F|  |TAMS 0x0000000780d00000, 0x0000000780d00000| Untracked 
|  14|0x0000000780e00000, 0x0000000780e00000, 0x0000000780f00000|  0%| F|  |TAMS 0x0000000780e00000, 0x0000000780e00000| Untracked 
|  15|0x0000000780f00000, 0x0000000780f00000, 0x0000000781000000|  0%| F|  |TAMS 0x0000000780f00000, 0x0000000780f00000| Untracked 
|  16|0x0000000781000000, 0x0000000781000000, 0x0000000781100000|  0%| F|  |TAMS 0x0000000781000000, 0x0000000781000000| Untracked 
|  17|0x0000000781100000, 0x0000000781100000, 0x0000000781200000|  0%| F|  |TAMS 0x0000000781100000, 0x0000000781100000| Untracked 
|  18|0x0000000781200000, 0x0000000781200000, 0x0000000781300000|  0%| F|  |TAMS 0x0000000781200000, 0x0000000781200000| Untracked 
|  19|0x0000000781300000, 0x0000000781300000, 0x0000000781400000|  0%| F|  |TAMS 0x0000000781300000, 0x0000000781300000| Untracked 
|  20|0x0000000781400000, 0x0000000781400000, 0x0000000781500000|  0%| F|  |TAMS 0x0000000781400000, 0x0000000781400000| Untracked 
|  21|0x0000000781500000, 0x0000000781500000, 0x0000000781600000|  0%| F|  |TAMS 0x0000000781500000, 0x0000000781500000| Untracked 
|  22|0x0000000781600000, 0x0000000781600000, 0x0000000781700000|  0%| F|  |TAMS 0x0000000781600000, 0x0000000781600000| Untracked 
|  23|0x0000000781700000, 0x0000000781700000, 0x0000000781800000|  0%| F|  |TAMS 0x0000000781700000, 0x0000000781700000| Untracked 
|  24|0x0000000781800000, 0x0000000781800000, 0x0000000781900000|  0%| F|  |TAMS 0x0000000781800000, 0x0000000781800000| Untracked 
|  25|0x0000000781900000, 0x0000000781900000, 0x0000000781a00000|  0%| F|  |TAMS 0x0000000781900000, 0x0000000781900000| Untracked 
|  26|0x0000000781a00000, 0x0000000781a00000, 0x0000000781b00000|  0%| F|  |TAMS 0x0000000781a00000, 0x0000000781a00000| Untracked 
|  27|0x0000000781b00000, 0x0000000781b00000, 0x0000000781c00000|  0%| F|  |TAMS 0x0000000781b00000, 0x0000000781b00000| Untracked 
|  28|0x0000000781c00000, 0x0000000781c00000, 0x0000000781d00000|  0%| F|  |TAMS 0x0000000781c00000, 0x0000000781c00000| Untracked 
|  29|0x0000000781d00000, 0x0000000781d00000, 0x0000000781e00000|  0%| F|  |TAMS 0x0000000781d00000, 0x0000000781d00000| Untracked 
|  30|0x0000000781e00000, 0x0000000781e00000, 0x0000000781f00000|  0%| F|  |TAMS 0x0000000781e00000, 0x0000000781e00000| Untracked 
|  31|0x0000000781f00000, 0x0000000781f00000, 0x0000000782000000|  0%| F|  |TAMS 0x0000000781f00000, 0x0000000781f00000| Untracked 
|  32|0x0000000782000000, 0x0000000782000000, 0x0000000782100000|  0%| F|  |TAMS 0x0000000782000000, 0x0000000782000000| Untracked 
|  33|0x0000000782100000, 0x0000000782100000, 0x0000000782200000|  0%| F|  |TAMS 0x0000000782100000, 0x0000000782100000| Untracked 
|  34|0x0000000782200000, 0x0000000782200000, 0x0000000782300000|  0%| F|  |TAMS 0x0000000782200000, 0x0000000782200000| Untracked 
|  35|0x0000000782300000, 0x0000000782300000, 0x0000000782400000|  0%| F|  |TAMS 0x0000000782300000, 0x0000000782300000| Untracked 
|  36|0x0000000782400000, 0x0000000782400000, 0x0000000782500000|  0%| F|  |TAMS 0x0000000782400000, 0x0000000782400000| Untracked 
|  37|0x0000000782500000, 0x0000000782500000, 0x0000000782600000|  0%| F|  |TAMS 0x0000000782500000, 0x0000000782500000| Untracked 
|  38|0x0000000782600000, 0x0000000782600000, 0x0000000782700000|  0%| F|  |TAMS 0x0000000782600000, 0x0000000782600000| Untracked 
|  39|0x0000000782700000, 0x0000000782700000, 0x0000000782800000|  0%| F|  |TAMS 0x0000000782700000, 0x0000000782700000| Untracked 
|  40|0x0000000782800000, 0x0000000782800000, 0x0000000782900000|  0%| F|  |TAMS 0x0000000782800000, 0x0000000782800000| Untracked 
|  41|0x0000000782900000, 0x0000000782900000, 0x0000000782a00000|  0%| F|  |TAMS 0x0000000782900000, 0x0000000782900000| Untracked 
|  42|0x0000000782a00000, 0x0000000782a00000, 0x0000000782b00000|  0%| F|  |TAMS 0x0000000782a00000, 0x0000000782a00000| Untracked 
|  43|0x0000000782b00000, 0x0000000782b00000, 0x0000000782c00000|  0%| F|  |TAMS 0x0000000782b00000, 0x0000000782b00000| Untracked 
|  44|0x0000000782c00000, 0x0000000782c00000, 0x0000000782d00000|  0%| F|  |TAMS 0x0000000782c00000, 0x0000000782c00000| Untracked 
|  45|0x0000000782d00000, 0x0000000782d00000, 0x0000000782e00000|  0%| F|  |TAMS 0x0000000782d00000, 0x0000000782d00000| Untracked 
|  46|0x0000000782e00000, 0x0000000782e00000, 0x0000000782f00000|  0%| F|  |TAMS 0x0000000782e00000, 0x0000000782e00000| Untracked 
|  47|0x0000000782f00000, 0x0000000782f00000, 0x0000000783000000|  0%| F|  |TAMS 0x0000000782f00000, 0x0000000782f00000| Untracked 
|  48|0x0000000783000000, 0x0000000783000000, 0x0000000783100000|  0%| F|  |TAMS 0x0000000783000000, 0x0000000783000000| Untracked 
|  49|0x0000000783100000, 0x0000000783100000, 0x0000000783200000|  0%| F|  |TAMS 0x0000000783100000, 0x0000000783100000| Untracked 
|  50|0x0000000783200000, 0x0000000783200000, 0x0000000783300000|  0%| F|  |TAMS 0x0000000783200000, 0x0000000783200000| Untracked 
|  51|0x0000000783300000, 0x0000000783300000, 0x0000000783400000|  0%| F|  |TAMS 0x0000000783300000, 0x0000000783300000| Untracked 
|  52|0x0000000783400000, 0x0000000783400000, 0x0000000783500000|  0%| F|  |TAMS 0x0000000783400000, 0x0000000783400000| Untracked 
|  53|0x0000000783500000, 0x0000000783500000, 0x0000000783600000|  0%| F|  |TAMS 0x0000000783500000, 0x0000000783500000| Untracked 
|  54|0x0000000783600000, 0x0000000783600000, 0x0000000783700000|  0%| F|  |TAMS 0x0000000783600000, 0x0000000783600000| Untracked 
|  55|0x0000000783700000, 0x0000000783700000, 0x0000000783800000|  0%| F|  |TAMS 0x0000000783700000, 0x0000000783700000| Untracked 
|  56|0x0000000783800000, 0x0000000783800000, 0x0000000783900000|  0%| F|  |TAMS 0x0000000783800000, 0x0000000783800000| Untracked 
|  57|0x0000000783900000, 0x0000000783900000, 0x0000000783a00000|  0%| F|  |TAMS 0x0000000783900000, 0x0000000783900000| Untracked 
|  58|0x0000000783a00000, 0x0000000783a00000, 0x0000000783b00000|  0%| F|  |TAMS 0x0000000783a00000, 0x0000000783a00000| Untracked 
|  59|0x0000000783b00000, 0x0000000783b00000, 0x0000000783c00000|  0%| F|  |TAMS 0x0000000783b00000, 0x0000000783b00000| Untracked 
|  60|0x0000000783c00000, 0x0000000783c00000, 0x0000000783d00000|  0%| F|  |TAMS 0x0000000783c00000, 0x0000000783c00000| Untracked 
|  61|0x0000000783d00000, 0x0000000783d00000, 0x0000000783e00000|  0%| F|  |TAMS 0x0000000783d00000, 0x0000000783d00000| Untracked 
|  62|0x0000000783e00000, 0x0000000783e00000, 0x0000000783f00000|  0%| F|  |TAMS 0x0000000783e00000, 0x0000000783e00000| Untracked 
|  63|0x0000000783f00000, 0x0000000783f00000, 0x0000000784000000|  0%| F|  |TAMS 0x0000000783f00000, 0x0000000783f00000| Untracked 
|  64|0x0000000784000000, 0x0000000784000000, 0x0000000784100000|  0%| F|  |TAMS 0x0000000784000000, 0x0000000784000000| Untracked 
|  65|0x0000000784100000, 0x0000000784100000, 0x0000000784200000|  0%| F|  |TAMS 0x0000000784100000, 0x0000000784100000| Untracked 
|  66|0x0000000784200000, 0x0000000784200000, 0x0000000784300000|  0%| F|  |TAMS 0x0000000784200000, 0x0000000784200000| Untracked 
|  67|0x0000000784300000, 0x0000000784300000, 0x0000000784400000|  0%| F|  |TAMS 0x0000000784300000, 0x0000000784300000| Untracked 
|  68|0x0000000784400000, 0x0000000784400000, 0x0000000784500000|  0%| F|  |TAMS 0x0000000784400000, 0x0000000784400000| Untracked 
|  69|0x0000000784500000, 0x0000000784500000, 0x0000000784600000|  0%| F|  |TAMS 0x0000000784500000, 0x0000000784500000| Untracked 
|  70|0x0000000784600000, 0x0000000784600000, 0x0000000784700000|  0%| F|  |TAMS 0x0000000784600000, 0x0000000784600000| Untracked 
|  71|0x0000000784700000, 0x0000000784700000, 0x0000000784800000|  0%| F|  |TAMS 0x0000000784700000, 0x0000000784700000| Untracked 
|  72|0x0000000784800000, 0x0000000784800000, 0x0000000784900000|  0%| F|  |TAMS 0x0000000784800000, 0x0000000784800000| Untracked 
|  73|0x0000000784900000, 0x0000000784900000, 0x0000000784a00000|  0%| F|  |TAMS 0x0000000784900000, 0x0000000784900000| Untracked 
|  74|0x0000000784a00000, 0x0000000784a00000, 0x0000000784b00000|  0%| F|  |TAMS 0x0000000784a00000, 0x0000000784a00000| Untracked 
|  75|0x0000000784b00000, 0x0000000784b00000, 0x0000000784c00000|  0%| F|  |TAMS 0x0000000784b00000, 0x0000000784b00000| Untracked 
|  76|0x0000000784c00000, 0x0000000784c00000, 0x0000000784d00000|  0%| F|  |TAMS 0x0000000784c00000, 0x0000000784c00000| Untracked 
|  77|0x0000000784d00000, 0x0000000784d00000, 0x0000000784e00000|  0%| F|  |TAMS 0x0000000784d00000, 0x0000000784d00000| Untracked 
|  78|0x0000000784e00000, 0x0000000784e00000, 0x0000000784f00000|  0%| F|  |TAMS 0x0000000784e00000, 0x0000000784e00000| Untracked 
|  79|0x0000000784f00000, 0x0000000784f00000, 0x0000000785000000|  0%| F|  |TAMS 0x0000000784f00000, 0x0000000784f00000| Untracked 
|  80|0x0000000785000000, 0x0000000785000000, 0x0000000785100000|  0%| F|  |TAMS 0x0000000785000000, 0x0000000785000000| Untracked 
|  81|0x0000000785100000, 0x0000000785100000, 0x0000000785200000|  0%| F|  |TAMS 0x0000000785100000, 0x0000000785100000| Untracked 
|  82|0x0000000785200000, 0x0000000785200000, 0x0000000785300000|  0%| F|  |TAMS 0x0000000785200000, 0x0000000785200000| Untracked 
|  83|0x0000000785300000, 0x0000000785300000, 0x0000000785400000|  0%| F|  |TAMS 0x0000000785300000, 0x0000000785300000| Untracked 
|  84|0x0000000785400000, 0x0000000785400000, 0x0000000785500000|  0%| F|  |TAMS 0x0000000785400000, 0x0000000785400000| Untracked 
|  85|0x0000000785500000, 0x0000000785500000, 0x0000000785600000|  0%| F|  |TAMS 0x0000000785500000, 0x0000000785500000| Untracked 
|  86|0x0000000785600000, 0x0000000785600000, 0x0000000785700000|  0%| F|  |TAMS 0x0000000785600000, 0x0000000785600000| Untracked 
|  87|0x0000000785700000, 0x0000000785700000, 0x0000000785800000|  0%| F|  |TAMS 0x0000000785700000, 0x0000000785700000| Untracked 
|  88|0x0000000785800000, 0x0000000785800000, 0x0000000785900000|  0%| F|  |TAMS 0x0000000785800000, 0x0000000785800000| Untracked 
|  89|0x0000000785900000, 0x0000000785900000, 0x0000000785a00000|  0%| F|  |TAMS 0x0000000785900000, 0x0000000785900000| Untracked 
|  90|0x0000000785a00000, 0x0000000785a00000, 0x0000000785b00000|  0%| F|  |TAMS 0x0000000785a00000, 0x0000000785a00000| Untracked 
|  91|0x0000000785b00000, 0x0000000785b00000, 0x0000000785c00000|  0%| F|  |TAMS 0x0000000785b00000, 0x0000000785b00000| Untracked 
|  92|0x0000000785c00000, 0x0000000785c00000, 0x0000000785d00000|  0%| F|  |TAMS 0x0000000785c00000, 0x0000000785c00000| Untracked 
|  93|0x0000000785d00000, 0x0000000785d00000, 0x0000000785e00000|  0%| F|  |TAMS 0x0000000785d00000, 0x0000000785d00000| Untracked 
|  94|0x0000000785e00000, 0x0000000785e00000, 0x0000000785f00000|  0%| F|  |TAMS 0x0000000785e00000, 0x0000000785e00000| Untracked 
|  95|0x0000000785f00000, 0x0000000785f00000, 0x0000000786000000|  0%| F|  |TAMS 0x0000000785f00000, 0x0000000785f00000| Untracked 
|  96|0x0000000786000000, 0x0000000786000000, 0x0000000786100000|  0%| F|  |TAMS 0x0000000786000000, 0x0000000786000000| Untracked 
|  97|0x0000000786100000, 0x0000000786100000, 0x0000000786200000|  0%| F|  |TAMS 0x0000000786100000, 0x0000000786100000| Untracked 
|  98|0x0000000786200000, 0x0000000786200000, 0x0000000786300000|  0%| F|  |TAMS 0x0000000786200000, 0x0000000786200000| Untracked 
|  99|0x0000000786300000, 0x0000000786300000, 0x0000000786400000|  0%| F|  |TAMS 0x0000000786300000, 0x0000000786300000| Untracked 
| 100|0x0000000786400000, 0x0000000786400000, 0x0000000786500000|  0%| F|  |TAMS 0x0000000786400000, 0x0000000786400000| Untracked 
| 101|0x0000000786500000, 0x0000000786500000, 0x0000000786600000|  0%| F|  |TAMS 0x0000000786500000, 0x0000000786500000| Untracked 
| 102|0x0000000786600000, 0x0000000786600000, 0x0000000786700000|  0%| F|  |TAMS 0x0000000786600000, 0x0000000786600000| Untracked 
| 103|0x0000000786700000, 0x0000000786700000, 0x0000000786800000|  0%| F|  |TAMS 0x0000000786700000, 0x0000000786700000| Untracked 
| 104|0x0000000786800000, 0x0000000786800000, 0x0000000786900000|  0%| F|  |TAMS 0x0000000786800000, 0x0000000786800000| Untracked 
| 105|0x0000000786900000, 0x0000000786900000, 0x0000000786a00000|  0%| F|  |TAMS 0x0000000786900000, 0x0000000786900000| Untracked 
| 106|0x0000000786a00000, 0x0000000786a00000, 0x0000000786b00000|  0%| F|  |TAMS 0x0000000786a00000, 0x0000000786a00000| Untracked 
| 107|0x0000000786b00000, 0x0000000786b00000, 0x0000000786c00000|  0%| F|  |TAMS 0x0000000786b00000, 0x0000000786b00000| Untracked 
| 108|0x0000000786c00000, 0x0000000786c00000, 0x0000000786d00000|  0%| F|  |TAMS 0x0000000786c00000, 0x0000000786c00000| Untracked 
| 109|0x0000000786d00000, 0x0000000786d00000, 0x0000000786e00000|  0%| F|  |TAMS 0x0000000786d00000, 0x0000000786d00000| Untracked 
| 110|0x0000000786e00000, 0x0000000786e00000, 0x0000000786f00000|  0%| F|  |TAMS 0x0000000786e00000, 0x0000000786e00000| Untracked 
| 111|0x0000000786f00000, 0x0000000786f00000, 0x0000000787000000|  0%| F|  |TAMS 0x0000000786f00000, 0x0000000786f00000| Untracked 
| 112|0x0000000787000000, 0x0000000787000000, 0x0000000787100000|  0%| F|  |TAMS 0x0000000787000000, 0x0000000787000000| Untracked 
| 113|0x0000000787100000, 0x0000000787121b38, 0x0000000787200000| 13%| S|CS|TAMS 0x0000000787100000, 0x0000000787100000| Complete 
| 114|0x0000000787200000, 0x0000000787300000, 0x0000000787300000|100%| S|CS|TAMS 0x0000000787200000, 0x0000000787200000| Complete 
| 115|0x0000000787300000, 0x0000000787300000, 0x0000000787400000|  0%| F|  |TAMS 0x0000000787300000, 0x0000000787300000| Untracked 
| 116|0x0000000787400000, 0x0000000787400000, 0x0000000787500000|  0%| F|  |TAMS 0x0000000787400000, 0x0000000787400000| Untracked 
| 117|0x0000000787500000, 0x0000000787500000, 0x0000000787600000|  0%| F|  |TAMS 0x0000000787500000, 0x0000000787500000| Untracked 
| 118|0x0000000787600000, 0x0000000787600000, 0x0000000787700000|  0%| F|  |TAMS 0x0000000787600000, 0x0000000787600000| Untracked 
| 119|0x0000000787700000, 0x0000000787700000, 0x0000000787800000|  0%| F|  |TAMS 0x0000000787700000, 0x0000000787700000| Untracked 
| 120|0x0000000787800000, 0x0000000787800000, 0x0000000787900000|  0%| F|  |TAMS 0x0000000787800000, 0x0000000787800000| Untracked 
| 121|0x0000000787900000, 0x0000000787900000, 0x0000000787a00000|  0%| F|  |TAMS 0x0000000787900000, 0x0000000787900000| Untracked 
| 122|0x0000000787a00000, 0x0000000787a00000, 0x0000000787b00000|  0%| F|  |TAMS 0x0000000787a00000, 0x0000000787a00000| Untracked 
| 123|0x0000000787b00000, 0x0000000787b00000, 0x0000000787c00000|  0%| F|  |TAMS 0x0000000787b00000, 0x0000000787b00000| Untracked 
| 124|0x0000000787c00000, 0x0000000787c7bbd0, 0x0000000787d00000| 48%| E|  |TAMS 0x0000000787c00000, 0x0000000787c00000| Complete 
| 125|0x0000000787d00000, 0x0000000787e00000, 0x0000000787e00000|100%| E|CS|TAMS 0x0000000787d00000, 0x0000000787d00000| Complete 
| 126|0x0000000787e00000, 0x0000000787f00000, 0x0000000787f00000|100%| E|CS|TAMS 0x0000000787e00000, 0x0000000787e00000| Complete 
| 127|0x0000000787f00000, 0x0000000788000000, 0x0000000788000000|100%| E|CS|TAMS 0x0000000787f00000, 0x0000000787f00000| Complete 
|2046|0x00000007ffe00000, 0x00000007ffe76000, 0x00000007fff00000| 46%|OA|  |TAMS 0x00000007ffe00000, 0x00000007ffe00000| Untracked 
|2047|0x00000007fff00000, 0x00000007fff7f000, 0x0000000800000000| 49%|CA|  |TAMS 0x00000007fff00000, 0x00000007fff00000| Untracked 

Card table byte_map: [0x0000000103464000,0x0000000103864000] _byte_map_base: 0x00000000ff864000

Marking Bits (Prev, Next): (CMBitMap*) 0x00007f99cf026810, (CMBitMap*) 0x00007f99cf026850
 Prev Bits: [0x0000000105074000, 0x0000000107074000)
 Next Bits: [0x0000000107074000, 0x0000000109074000)

Polling page: 0x0000000102daf000

Metaspace:

Usage:
  Non-class:      2.63 MB used.
      Class:    338.80 KB used.
       Both:      2.96 MB used.

Virtual space:
  Non-class space:        8.00 MB reserved,       2.69 MB ( 34%) committed,  1 nodes.
      Class space:        1.00 GB reserved,     448.00 KB ( <1%) committed,  1 nodes.
             Both:        1.01 GB reserved,       3.12 MB ( <1%) committed. 

Chunk freelists:
   Non-Class:  2.88 MB
       Class:  3.55 MB
        Both:  6.42 MB

MaxMetaspaceSize: unlimited
CompressedClassSpaceSize: 1.00 GB
Initial GC threshold: 21.00 MB
Current GC threshold: 21.00 MB
CDS: on
MetaspaceReclaimPolicy: balanced
 - commit_granule_bytes: 65536.
 - commit_granule_words: 8192.
 - virtual_space_node_default_size: 1048576.
 - enlarge_chunks_in_place: 1.
 - new_chunks_are_fully_committed: 0.
 - uncommit_free_chunks: 1.
 - use_allocation_guard: 0.
 - handle_deallocations: 1.


Internal statistics:

num_allocs_failed_limit: 0.
num_arena_births: 78.
num_arena_deaths: 0.
num_vsnodes_births: 2.
num_vsnodes_deaths: 0.
num_space_committed: 50.
num_space_uncommitted: 0.
num_chunks_returned_to_freelist: 0.
num_chunks_taken_from_freelist: 148.
num_chunk_merges: 0.
num_chunk_splits: 96.
num_chunks_enlarged: 71.
num_purges: 0.
num_inconsistent_stats: 0.

CodeHeap 'non-profiled nmethods': size=120032Kb used=252Kb max_used=252Kb free=119779Kb
 bounds [0x000000011b05f000, 0x000000011b2cf000, 0x0000000122597000]
CodeHeap 'profiled nmethods': size=120028Kb used=1155Kb max_used=1155Kb free=118872Kb
 bounds [0x0000000113b28000, 0x0000000113d98000, 0x000000011b05f000]
CodeHeap 'non-nmethods': size=5700Kb used=1175Kb max_used=1191Kb free=4524Kb
 bounds [0x0000000113597000, 0x0000000113807000, 0x0000000113b28000]
 total_blobs=1250 nmethods=775 adapters=389
 compilation: enabled
              stopped_count=0, restarted_count=0
 full_count=0

Compilation events (20 events):
Event: 0.559 Thread 0x00007f99cd024a00  767       3       sun.invoke.util.VerifyAccess::isMemberAccessible (338 bytes)
Event: 0.560 Thread 0x00007f99cd024a00 nmethod 767 0x0000000113c41c90 code [0x0000000113c42020, 0x0000000113c43380]
Event: 0.560 Thread 0x00007f99cd024a00  768       3       java.io.FilterInputStream::<init> (10 bytes)
Event: 0.560 Thread 0x00007f99cd024a00 nmethod 768 0x0000000113c43910 code [0x0000000113c43ac0, 0x0000000113c43cf0]
Event: 0.569 Thread 0x00007f99cd018e00  769       4       sun.security.provider.MD5::implCompress (13 bytes)
Event: 0.570 Thread 0x00007f99cd024a00  771       3       sun.security.provider.DigestBase::implCompressMultiBlock0 (23 bytes)
Event: 0.570 Thread 0x00007f99cd024a00 nmethod 771 0x0000000113c43e10 code [0x0000000113c43fc0, 0x0000000113c44260]
Event: 0.570 Thread 0x00007f99cd018e00 nmethod 769 0x000000011b09ce90 code [0x000000011b09d020, 0x000000011b09d118]
Event: 0.570 Thread 0x00007f99cd018e00  770       4       sun.security.provider.MD5::implCompress0 (1407 bytes)
Event: 0.579 Thread 0x00007f99cd024a00  772       3       java.lang.invoke.TypeConvertingMethodAdapter::descriptorToName (36 bytes)
Event: 0.580 Thread 0x00007f99cd024a00 nmethod 772 0x0000000113c44390 code [0x0000000113c44620, 0x0000000113c451c0]
Event: 0.580 Thread 0x00007f99cd024a00  773       3       java.lang.String::concat (15 bytes)
Event: 0.581 Thread 0x00007f99cd024a00 nmethod 773 0x0000000113c45690 code [0x0000000113c459c0, 0x0000000113c46e30]
Event: 0.581 Thread 0x00007f99cd024a00  774       3       java.lang.invoke.MethodHandleNatives::refKindIsMethod (19 bytes)
Event: 0.582 Thread 0x00007f99cd024a00 nmethod 774 0x0000000113c47590 code [0x0000000113c47740, 0x0000000113c47990]
Event: 0.584 Thread 0x00007f99cd018e00 nmethod 770 0x000000011b09d210 code [0x000000011b09d3a0, 0x000000011b09e098]
Event: 0.655 Thread 0x00007f99cd024a00  775       3       jdk.internal.org.objectweb.asm.AnnotationWriter::putAnnotations (67 bytes)
Event: 0.655 Thread 0x00007f99cd024a00 nmethod 775 0x0000000113c47a10 code [0x0000000113c47c40, 0x0000000113c48070]
Event: 0.724 Thread 0x00007f99cd024a00  776       3       java.lang.invoke.MemberName$Factory::resolveOrFail (79 bytes)
Event: 0.726 Thread 0x00007f99cd024a00 nmethod 776 0x0000000113c48310 code [0x0000000113c48520, 0x0000000113c48c30]

GC Heap History (2 events):
Event: 0.347 GC heap before
{Heap before GC invocations=0 (full 0):
 garbage-first heap   total 133120K, used 13268K [0x0000000780000000, 0x0000000800000000)
  region size 1024K, 13 young (13312K), 0 survivors (0K)
 Metaspace       used 1613K, committed 1728K, reserved 1056768K
  class space    used 178K, committed 256K, reserved 1048576K
}
Event: 0.349 GC heap after
{Heap after GC invocations=1 (full 0):
 garbage-first heap   total 133120K, used 2138K [0x0000000780000000, 0x0000000800000000)
  region size 1024K, 2 young (2048K), 2 survivors (2048K)
 Metaspace       used 1613K, committed 1728K, reserved 1056768K
  class space    used 178K, committed 256K, reserved 1048576K
}

Deoptimization events (20 events):
Event: 0.284 Thread 0x00007f99cf009000 DEOPT PACKING pc=0x0000000113bb355a sp=0x00007000094a2c70
Event: 0.284 Thread 0x00007f99cf009000 DEOPT UNPACKING pc=0x00000001135e982f sp=0x00007000094a20b0 mode 0
Event: 0.349 Thread 0x00007f99cf009000 DEOPT PACKING pc=0x0000000113b32d4e sp=0x00007000094a4380
Event: 0.349 Thread 0x00007f99cf009000 DEOPT UNPACKING pc=0x00000001135e982f sp=0x00007000094a3818 mode 0
Event: 0.383 Thread 0x00007f99cd80d400 Uncommon trap: trap_request=0xffffff45 fr.pc=0x000000011b07074c relative=0x000000000000078c
Event: 0.383 Thread 0x00007f99cd80d400 Uncommon trap: reason=unstable_if action=reinterpret pc=0x000000011b07074c method=java.lang.String.isEmpty()Z @ 5 c2
Event: 0.383 Thread 0x00007f99cd80d400 DEOPT PACKING pc=0x000000011b07074c sp=0x00007000098b3d70
Event: 0.383 Thread 0x00007f99cd80d400 DEOPT UNPACKING pc=0x00000001135e9099 sp=0x00007000098b3cd8 mode 2
Event: 0.405 Thread 0x00007f99cd80d400 Uncommon trap: trap_request=0xffffff45 fr.pc=0x000000011b080c30 relative=0x0000000000000d90
Event: 0.405 Thread 0x00007f99cd80d400 Uncommon trap: reason=unstable_if action=reinterpret pc=0x000000011b080c30 method=java.util.HashMap.putVal(ILjava/lang/Object;Ljava/lang/Object;ZZ)Ljava/lang/Object; @ 193 c2
Event: 0.405 Thread 0x00007f99cd80d400 DEOPT PACKING pc=0x000000011b080c30 sp=0x00007000098b3a20
Event: 0.405 Thread 0x00007f99cd80d400 DEOPT UNPACKING pc=0x00000001135e9099 sp=0x00007000098b39c0 mode 2
Event: 0.421 Thread 0x00007f99cd80d400 Uncommon trap: trap_request=0xffffff45 fr.pc=0x000000011b07d7f0 relative=0x0000000000001b90
Event: 0.421 Thread 0x00007f99cd80d400 Uncommon trap: reason=unstable_if action=reinterpret pc=0x000000011b07d7f0 method=java.lang.StringLatin1.indexOf([BII)I @ 23 c2
Event: 0.421 Thread 0x00007f99cd80d400 DEOPT PACKING pc=0x000000011b07d7f0 sp=0x00007000098b3d20
Event: 0.421 Thread 0x00007f99cd80d400 DEOPT UNPACKING pc=0x00000001135e9099 sp=0x00007000098b3c10 mode 2
Event: 0.726 Thread 0x00007f99cd06e800 Uncommon trap: trap_request=0xffffff45 fr.pc=0x000000011b09bed0 relative=0x0000000000000190
Event: 0.726 Thread 0x00007f99cd06e800 Uncommon trap: reason=unstable_if action=reinterpret pc=0x000000011b09bed0 method=java.lang.invoke.VarHandle.checkExactAccessMode(Ljava/lang/invoke/VarHandle$AccessDescriptor;)V @ 4 c2
Event: 0.726 Thread 0x00007f99cd06e800 DEOPT PACKING pc=0x000000011b09bed0 sp=0x00007ff7bd272f60
Event: 0.726 Thread 0x00007f99cd06e800 DEOPT UNPACKING pc=0x00000001135e9099 sp=0x00007ff7bd272ec0 mode 2

Classes unloaded (0 events):
No events

Classes redefined (0 events):
No events

Internal exceptions (9 events):
Event: 0.106 Thread 0x00007f99cf008a00 Exception <a 'java/lang/NoSuchMethodError'{0x0000000787fcfa30}: 'void java.lang.invoke.DirectMethodHandle$Holder.invokeVirtual(java.lang.Object, java.lang.Object)'> (0x0000000787fcfa30) 
thrown [src/hotspot/share/interpreter/linkResolver.cpp, line 766]
Event: 0.209 Thread 0x00007f99cf008a00 Exception <a 'java/lang/NoSuchMethodError'{0x0000000787703920}: 'void java.lang.invoke.DirectMethodHandle$Holder.invokeSpecial(java.lang.Object, java.lang.Object, java.lang.Object)'> (0x0000000787703920) 
thrown [src/hotspot/share/interpreter/linkResolver.cpp, line 766]
Event: 0.220 Thread 0x00007f99cf008a00 Exception <a 'java/lang/NoSuchMethodError'{0x00000007877afd30}: 'java.lang.Object java.lang.invoke.DirectMethodHandle$Holder.invokeVirtual(java.lang.Object, java.lang.Object, java.lang.Object)'> (0x00000007877afd30) 
thrown [src/hotspot/share/interpreter/linkResolver.cpp, line 766]
Event: 0.264 Thread 0x00007f99cf008a00 Exception <a 'java/lang/NoSuchMethodError'{0x00000007876ecdb0}: 'java.lang.Object java.lang.invoke.DirectMethodHandle$Holder.invokeStaticInit(java.lang.Object)'> (0x00000007876ecdb0) 
thrown [src/hotspot/share/interpreter/linkResolver.cpp, line 766]
Event: 0.265 Thread 0x00007f99cf008a00 Implicit null exception at 0x000000011b074955 to 0x000000011b074ac0
Event: 0.269 Thread 0x00007f99cf008a00 Exception <a 'java/lang/NoSuchMethodError'{0x0000000787554b00}: 'java.lang.Object java.lang.invoke.DirectMethodHandle$Holder.newInvokeSpecial(java.lang.Object, java.lang.Object, java.lang.Object, java.lang.Object, java.lang.Object)'> (0x0000000787554b00) 
thrown [src/hotspot/share/interpreter/linkResolver.cpp, line 766]
Event: 0.271 Thread 0x00007f99cf009000 Exception <a 'java/lang/NoSuchMethodError'{0x0000000787590c10}: 'void java.lang.invoke.DirectMethodHandle$Holder.invokeStatic(java.lang.Object, java.lang.Object)'> (0x0000000787590c10) 
thrown [src/hotspot/share/interpreter/linkResolver.cpp, line 766]
Event: 0.362 Thread 0x00007f99cf009000 Exception <a 'java/lang/NoSuchMethodError'{0x0000000787f5eea0}: 'void java.lang.invoke.DirectMethodHandle$Holder.invokeStatic(java.lang.Object, java.lang.Object, java.lang.Object)'> (0x0000000787f5eea0) 
thrown [src/hotspot/share/interpreter/linkResolver.cpp, line 766]
Event: 0.544 Thread 0x00007f99cf009000 Exception <a 'java/lang/NoSuchMethodError'{0x0000000787f7b9b0}: 'int java.lang.invoke.DirectMethodHandle$Holder.invokeStaticInit(java.lang.Object, java.lang.Object, java.lang.Object)'> (0x0000000787f7b9b0) 
thrown [src/hotspot/share/interpreter/linkResolver.cpp, line 766]

VM Operations (8 events):
Event: 0.146 Executing VM operation: HandshakeAllThreads
Event: 0.146 Executing VM operation: HandshakeAllThreads done
Event: 0.218 Executing VM operation: HandshakeAllThreads
Event: 0.218 Executing VM operation: HandshakeAllThreads done
Event: 0.243 Executing VM operation: HandshakeAllThreads
Event: 0.243 Executing VM operation: HandshakeAllThreads done
Event: 0.347 Executing VM operation: G1CollectForAllocation
Event: 0.349 Executing VM operation: G1CollectForAllocation done

Events (20 events):
Event: 0.542 loading class java/util/concurrent/ForkJoinPool$ManagedBlocker done
Event: 0.542 loading class java/util/concurrent/locks/AbstractQueuedSynchronizer$ConditionNode done
Event: 0.559 Loading shared library /Users/hakizimanaemmanuel/.gradle/caches/modules-2/files-2.1/org.openjfx/javafx-graphics/17.0.1/60505369f7528056d4d8c5ea080df5447bdb0264/libglass.dylib failed, dlopen(/Users/hakizimanaemmanuel/.gradle/caches/modules-2/files-2.1/org.
Event: 0.579 Loaded shared library /Users/hakizimanaemmanuel/.openjfx/cache/17.0.1/libglass.dylib
Event: 0.580 loading class java/util/concurrent/BlockingDeque
Event: 0.580 loading class java/util/concurrent/BlockingDeque done
Event: 0.580 loading class java/util/concurrent/LinkedBlockingDeque
Event: 0.581 loading class java/util/concurrent/LinkedBlockingDeque done
Event: 0.581 Thread 0x00007f99cd020600 Thread added: 0x00007f99cd020600
Event: 0.581 Protecting memory [0x00007000098b8000,0x00007000098bc000] with protection modes 0
Event: 0.582 Protecting memory [0x00007ff7bca78000,0x00007ff7bca7c000] with protection modes 0
Event: 0.582 Thread 0x00007f99cd06e800 Thread added: 0x00007f99cd06e800
Event: 0.656 Thread 0x00007f99cd81da00 Thread added: 0x00007f99cd81da00
Event: 0.666 Protecting memory [0x00007000099bb000,0x00007000099bf000] with protection modes 0
Event: 0.724 loading class java/util/concurrent/LinkedBlockingDeque$Node
Event: 0.724 loading class java/util/concurrent/LinkedBlockingDeque$Node done
Event: 0.724 Protecting memory [0x00007000099bb000,0x00007000099bf000] with protection modes 3
Event: 0.724 Thread 0x00007f99cd81da00 Thread exited: 0x00007f99cd81da00
Event: 0.726 loading class java/util/concurrent/FutureTask
Event: 0.727 loading class java/util/concurrent/FutureTask done


Dynamic libraries:
0x0000000102db1000 	/Users/hakizimanaemmanuel/Library/Java/JavaVirtualMachines/corretto-17.0.3/Contents/Home/lib/libjli.dylib
0x00007ff818def000 	/usr/lib/libz.1.dylib
0x00007ff818ecf000 	/usr/lib/libSystem.B.dylib
0x00007ff818eca000 	/usr/lib/system/libcache.dylib
0x00007ff818e86000 	/usr/lib/system/libcommonCrypto.dylib
0x00007ff818eaf000 	/usr/lib/system/libcompiler_rt.dylib
0x00007ff818ea5000 	/usr/lib/system/libcopyfile.dylib
0x00007ff80de5d000 	/usr/lib/system/libcorecrypto.dylib
0x00007ff80df1b000 	/usr/lib/system/libdispatch.dylib
0x00007ff80e0db000 	/usr/lib/system/libdyld.dylib
0x00007ff818ec1000 	/usr/lib/system/libkeymgr.dylib
0x00007ff818e64000 	/usr/lib/system/libmacho.dylib
0x00007ff8184e5000 	/usr/lib/system/libquarantine.dylib
0x00007ff818ebf000 	/usr/lib/system/libremovefile.dylib
0x00007ff813070000 	/usr/lib/system/libsystem_asl.dylib
0x00007ff80de06000 	/usr/lib/system/libsystem_blocks.dylib
0x00007ff80df9f000 	/usr/lib/system/libsystem_c.dylib
0x00007ff818eb7000 	/usr/lib/system/libsystem_collections.dylib
0x00007ff817799000 	/usr/lib/system/libsystem_configuration.dylib
0x00007ff816a42000 	/usr/lib/system/libsystem_containermanager.dylib
0x00007ff818b9c000 	/usr/lib/system/libsystem_coreservices.dylib
0x00007ff810711000 	/usr/lib/system/libsystem_darwin.dylib
0x00007ff818ec2000 	/usr/lib/system/libsystem_dnssd.dylib
0x00007ff80df9c000 	/usr/lib/system/libsystem_featureflags.dylib
0x00007ff80e0f1000 	/usr/lib/system/libsystem_info.dylib
0x00007ff818e02000 	/usr/lib/system/libsystem_m.dylib
0x00007ff80deef000 	/usr/lib/system/libsystem_malloc.dylib
0x00007ff81300b000 	/usr/lib/system/libsystem_networkextension.dylib
0x00007ff810b37000 	/usr/lib/system/libsystem_notify.dylib
0x00007ff81f141000 	/usr/lib/system/libsystem_product_info_filter.dylib
0x00007ff81779d000 	/usr/lib/system/libsystem_sandbox.dylib
0x00007ff818ebc000 	/usr/lib/system/libsystem_secinit.dylib
0x00007ff80e097000 	/usr/lib/system/libsystem_kernel.dylib
0x00007ff80e0e7000 	/usr/lib/system/libsystem_platform.dylib
0x00007ff80e0cf000 	/usr/lib/system/libsystem_pthread.dylib
0x00007ff8148be000 	/usr/lib/system/libsystem_symptoms.dylib
0x00007ff80de44000 	/usr/lib/system/libsystem_trace.dylib
0x00007ff818e92000 	/usr/lib/system/libunwind.dylib
0x00007ff80de08000 	/usr/lib/system/libxpc.dylib
0x00007ff80e081000 	/usr/lib/libc++abi.dylib
0x00007ff80df62000 	/usr/lib/libobjc.A.dylib
0x00007ff818e9d000 	/usr/lib/liboah.dylib
0x00007ff80e028000 	/usr/lib/libc++.1.dylib
0x00007ff824f43000 	/System/Library/Frameworks/Cocoa.framework/Versions/A/Cocoa
0x00007ff810b95000 	/System/Library/Frameworks/AppKit.framework/Versions/C/AppKit
0x00007ff8140ac000 	/System/Library/Frameworks/CoreData.framework/Versions/A/CoreData
0x00007ff80ef98000 	/System/Library/Frameworks/Foundation.framework/Versions/C/Foundation
0x00007ff811a25000 	/System/Library/PrivateFrameworks/UIFoundation.framework/Versions/A/UIFoundation
0x00007ff81ee44000 	/System/Library/PrivateFrameworks/RemoteViewServices.framework/Versions/A/RemoteViewServices
0x00007ff817123000 	/System/Library/PrivateFrameworks/XCTTargetBootstrap.framework/Versions/A/XCTTargetBootstrap
0x00007ff81acda000 	/System/Library/PrivateFrameworks/InternationalSupport.framework/Versions/A/InternationalSupport
0x00007ff81ad64000 	/System/Library/PrivateFrameworks/UserActivity.framework/Versions/A/UserActivity
0x00007ff81a0b6000 	/usr/lib/libspindump.dylib
0x00007ff811cb4000 	/System/Library/Frameworks/UniformTypeIdentifiers.framework/Versions/A/UniformTypeIdentifiers
0x00007ff815847000 	/usr/lib/libapp_launch_measurement.dylib
0x00007ff814a7e000 	/System/Library/PrivateFrameworks/CoreAnalytics.framework/Versions/A/CoreAnalytics
0x00007ff81584a000 	/System/Library/PrivateFrameworks/CoreAutoLayout.framework/Versions/A/CoreAutoLayout
0x00007ff816a7a000 	/System/Library/Frameworks/Metal.framework/Versions/A/Metal
0x00007ff8177a9000 	/usr/lib/liblangid.dylib
0x00007ff817128000 	/System/Library/PrivateFrameworks/CoreSVG.framework/Versions/A/CoreSVG
0x00007ff8130a0000 	/System/Library/PrivateFrameworks/SkyLight.framework/Versions/A/SkyLight
0x00007ff81343f000 	/System/Library/Frameworks/CoreGraphics.framework/Versions/A/CoreGraphics
0x00007ff81f504000 	/System/Library/Frameworks/Accelerate.framework/Versions/A/Accelerate
0x00007ff819b35000 	/System/Library/PrivateFrameworks/IconServices.framework/Versions/A/IconServices
0x00007ff816a5f000 	/System/Library/Frameworks/IOSurface.framework/Versions/A/IOSurface
0x00007ff814aac000 	/usr/lib/libDiagnosticMessagesClient.dylib
0x00007ff822be7000 	/System/Library/Frameworks/ApplicationServices.framework/Versions/A/ApplicationServices
0x00007ff81710f000 	/System/Library/PrivateFrameworks/DFRFoundation.framework/Versions/A/DFRFoundation
0x00007ff81047d000 	/usr/lib/libicucore.A.dylib
0x00007ff81bad0000 	/System/Library/Frameworks/AudioToolbox.framework/Versions/A/AudioToolbox
0x00007ff81ace6000 	/System/Library/PrivateFrameworks/DataDetectorsCore.framework/Versions/A/DataDetectorsCore
0x00007ff9171e3000 	/System/Library/PrivateFrameworks/TextInput.framework/Versions/A/TextInput
0x00007ff813023000 	/usr/lib/libMobileGestalt.dylib
0x00007ff816e1b000 	/System/Library/Frameworks/Carbon.framework/Versions/A/Frameworks/HIToolbox.framework/Versions/A/HIToolbox
0x00007ff815249000 	/System/Library/Frameworks/QuartzCore.framework/Versions/A/QuartzCore
0x00007ff810122000 	/System/Library/Frameworks/Security.framework/Versions/A/Security
0x00007ff81ee7c000 	/System/Library/Frameworks/Carbon.framework/Versions/A/Frameworks/SpeechRecognition.framework/Versions/A/SpeechRecognition
0x00007ff8155a7000 	/System/Library/PrivateFrameworks/CoreUI.framework/Versions/A/CoreUI
0x00007ff80f9ec000 	/System/Library/Frameworks/CoreAudio.framework/Versions/A/CoreAudio
0x00007ff814b9b000 	/System/Library/Frameworks/DiskArbitration.framework/Versions/A/DiskArbitration
0x00007ff81a4a6000 	/System/Library/PrivateFrameworks/MultitouchSupport.framework/Versions/A/MultitouchSupport
0x00007ff813022000 	/usr/lib/libenergytrace.dylib
0x00007ff810a81000 	/System/Library/Frameworks/IOKit.framework/Versions/A/IOKit
0x00007ff81f26c000 	/System/Library/Frameworks/CoreServices.framework/Versions/A/CoreServices
0x00007ff8157e1000 	/System/Library/PrivateFrameworks/PerformanceAnalysis.framework/Versions/A/PerformanceAnalysis
0x00007ffa26ec2000 	/System/Library/Frameworks/OpenGL.framework/Versions/A/OpenGL
0x00007ff81840b000 	/System/Library/PrivateFrameworks/MobileKeyBag.framework/Versions/A/MobileKeyBag
0x00007ff813b0b000 	/System/Library/Frameworks/ColorSync.framework/Versions/A/ColorSync
0x00007ff80e11c000 	/System/Library/Frameworks/CoreFoundation.framework/Versions/A/CoreFoundation
0x00007ff81739f000 	/System/Library/Frameworks/CoreImage.framework/Versions/A/CoreImage
0x00007ff80f800000 	/System/Library/Frameworks/CoreText.framework/Versions/A/CoreText
0x00007ff817158000 	/System/Library/Frameworks/ImageIO.framework/Versions/A/ImageIO
0x00007ff818ed5000 	/System/Library/PrivateFrameworks/SoftLinking.framework/Versions/A/SoftLinking
0x00007ff815892000 	/usr/lib/libxml2.2.dylib
0x00007ff819159000 	/usr/lib/libcompression.dylib
0x00007ff81ac0d000 	/System/Library/PrivateFrameworks/TextureIO.framework/Versions/A/TextureIO
0x00007ff819847000 	/usr/lib/libate.dylib
0x00007ff819623000 	/usr/lib/liblzma.5.dylib
0x00007ff80ecaa000 	/System/Library/Frameworks/SystemConfiguration.framework/Versions/A/SystemConfiguration
0x00007ff818ed1000 	/usr/lib/libfakelink.dylib
0x00007ff812b7b000 	/System/Library/Frameworks/CFNetwork.framework/Versions/A/CFNetwork
0x00007ff819012000 	/usr/lib/libarchive.2.dylib
0x00007ff8177a5000 	/System/Library/PrivateFrameworks/AppleSystemInfo.framework/Versions/A/AppleSystemInfo
0x00007ff81850c000 	/usr/lib/libbsm.0.dylib
0x00007ff81218a000 	/usr/lib/libnetwork.dylib
0x00007ff818e6a000 	/usr/lib/system/libkxld.dylib
0x00007ff81813f000 	/System/Library/PrivateFrameworks/IOMobileFramebuffer.framework/Versions/A/IOMobileFramebuffer
0x00007ffb26899000 	/usr/lib/libCoreEntitlements.dylib
0x00007ff818b7e000 	/System/Library/PrivateFrameworks/AppleFSCompression.framework/Versions/A/AppleFSCompression
0x00007ff8184f4000 	/usr/lib/libcoretls.dylib
0x00007ff81963d000 	/usr/lib/libcoretls_cfhelpers.dylib
0x00007ff819154000 	/usr/lib/libpam.2.dylib
0x00007ff8144dd000 	/usr/lib/libsqlite3.dylib
0x00007ff8196ac000 	/usr/lib/libxar.1.dylib
0x00007ff818b8e000 	/usr/lib/libbz2.1.0.dylib
0x00007ff818ed6000 	/usr/lib/libpcap.A.dylib
0x00007ff8148b6000 	/usr/lib/libdns_services.dylib
0x00007ff819124000 	/usr/lib/libapple_nghttp2.dylib
0x00007ff818f10000 	/usr/lib/libiconv.2.dylib
0x00007ff818e63000 	/usr/lib/libcharset.1.dylib
0x00007ff815815000 	/System/Library/Frameworks/CoreServices.framework/Versions/A/Frameworks/FSEvents.framework/Versions/A/FSEvents
0x00007ff81071b000 	/System/Library/Frameworks/CoreServices.framework/Versions/A/Frameworks/CarbonCore.framework/Versions/A/CarbonCore
0x00007ff814aff000 	/System/Library/Frameworks/CoreServices.framework/Versions/A/Frameworks/Metadata.framework/Versions/A/Metadata
0x00007ff818ba1000 	/System/Library/Frameworks/CoreServices.framework/Versions/A/Frameworks/OSServices.framework/Versions/A/OSServices
0x00007ff819099000 	/System/Library/Frameworks/CoreServices.framework/Versions/A/Frameworks/SearchKit.framework/Versions/A/SearchKit
0x00007ff814848000 	/System/Library/Frameworks/CoreServices.framework/Versions/A/Frameworks/AE.framework/Versions/A/AE
0x00007ff80e61f000 	/System/Library/Frameworks/CoreServices.framework/Versions/A/Frameworks/LaunchServices.framework/Versions/A/LaunchServices
0x00007ff8195d4000 	/System/Library/Frameworks/CoreServices.framework/Versions/A/Frameworks/DictionaryServices.framework/Versions/A/DictionaryServices
0x00007ff815822000 	/System/Library/Frameworks/CoreServices.framework/Versions/A/Frameworks/SharedFileList.framework/Versions/A/SharedFileList
0x00007ff8184e8000 	/usr/lib/libCheckFix.dylib
0x00007ff813087000 	/System/Library/PrivateFrameworks/TCC.framework/Versions/A/TCC
0x00007ff8177ab000 	/System/Library/PrivateFrameworks/CoreNLP.framework/Versions/A/CoreNLP
0x00007ff814aaf000 	/System/Library/PrivateFrameworks/MetadataUtilities.framework/Versions/A/MetadataUtilities
0x00007ff80ed5b000 	/usr/lib/libmecabra.dylib
0x00007ff81851c000 	/usr/lib/libmecab.dylib
0x00007ff80ed26000 	/usr/lib/libCRFSuite.dylib
0x00007ff818576000 	/usr/lib/libgermantok.dylib
0x00007ff8190ff000 	/usr/lib/libThaiTokenizer.dylib
0x00007ff814ba2000 	/System/Library/Frameworks/Accelerate.framework/Versions/A/Frameworks/vImage.framework/Versions/A/vImage
0x00007ff81f243000 	/System/Library/Frameworks/Accelerate.framework/Versions/A/Frameworks/vecLib.framework/Versions/A/vecLib
0x00007ff8196ed000 	/System/Library/Frameworks/Accelerate.framework/Versions/A/Frameworks/vecLib.framework/Versions/A/libvMisc.dylib
0x00007ff817f6a000 	/System/Library/Frameworks/Accelerate.framework/Versions/A/Frameworks/vecLib.framework/Versions/A/libvDSP.dylib
0x00007ff80e99a000 	/System/Library/Frameworks/Accelerate.framework/Versions/A/Frameworks/vecLib.framework/Versions/A/libBLAS.dylib
0x00007ff819236000 	/System/Library/Frameworks/Accelerate.framework/Versions/A/Frameworks/vecLib.framework/Versions/A/libLAPACK.dylib
0x00007ff818579000 	/System/Library/Frameworks/Accelerate.framework/Versions/A/Frameworks/vecLib.framework/Versions/A/libLinearAlgebra.dylib
0x00007ff81913c000 	/System/Library/Frameworks/Accelerate.framework/Versions/A/Frameworks/vecLib.framework/Versions/A/libSparseBLAS.dylib
0x00007ff819230000 	/System/Library/Frameworks/Accelerate.framework/Versions/A/Frameworks/vecLib.framework/Versions/A/libQuadrature.dylib
0x00007ff817896000 	/System/Library/Frameworks/Accelerate.framework/Versions/A/Frameworks/vecLib.framework/Versions/A/libBNNS.dylib
0x00007ff80ec34000 	/System/Library/Frameworks/Accelerate.framework/Versions/A/Frameworks/vecLib.framework/Versions/A/libSparse.dylib
0x00007ff81788f000 	/System/Library/PrivateFrameworks/LinguisticData.framework/Versions/A/LinguisticData
0x00007ff80ebea000 	/System/Library/PrivateFrameworks/Lexicon.framework/Versions/A/Lexicon
0x00007ff8196e6000 	/usr/lib/libChineseTokenizer.dylib
0x00007ff80f355000 	/System/Library/PrivateFrameworks/LanguageModeling.framework/Versions/A/LanguageModeling
0x00007ff819101000 	/System/Library/PrivateFrameworks/AppleSauce.framework/Versions/A/AppleSauce
0x00007ff81812d000 	/System/Library/PrivateFrameworks/CoreEmoji.framework/Versions/A/CoreEmoji
0x00007ff819001000 	/usr/lib/libcmph.dylib
0x00007ff8157f9000 	/System/Library/Frameworks/OpenDirectory.framework/Versions/A/Frameworks/CFOpenDirectory.framework/Versions/A/CFOpenDirectory
0x00007ff8157ed000 	/System/Library/Frameworks/OpenDirectory.framework/Versions/A/OpenDirectory
0x00007ff81963f000 	/System/Library/PrivateFrameworks/APFS.framework/Versions/A/APFS
0x00007ff818443000 	/System/Library/Frameworks/SecurityFoundation.framework/Versions/A/SecurityFoundation
0x00007ff8196ba000 	/usr/lib/libutil.dylib
0x00007ff810a45000 	/System/Library/PrivateFrameworks/CoreServicesStore.framework/Versions/A/CoreServicesStore
0x00007ff8196be000 	/usr/lib/libxslt.1.dylib
0x00007ff8184d0000 	/System/Library/PrivateFrameworks/BackgroundTaskManagement.framework/Versions/A/BackgroundTaskManagement
0x00007ff81ab2d000 	/System/Library/Frameworks/ImageIO.framework/Versions/A/Resources/libRadiance.dylib
0x00007ff81ab36000 	/System/Library/Frameworks/ImageIO.framework/Versions/A/Resources/libJPEG.dylib
0x00007ff81aa85000 	/System/Library/Frameworks/ImageIO.framework/Versions/A/Resources/libPng.dylib
0x00007ff81aaa6000 	/System/Library/Frameworks/ImageIO.framework/Versions/A/Resources/libTIFF.dylib
0x00007ff81ab96000 	/System/Library/Frameworks/ImageIO.framework/Versions/A/Resources/libGIF.dylib
0x00007ff81a3c0000 	/System/Library/Frameworks/ImageIO.framework/Versions/A/Resources/libJP2.dylib
0x00007ff819afc000 	/usr/lib/libexpat.1.dylib
0x00007ff81a375000 	/System/Library/PrivateFrameworks/AppleJPEG.framework/Versions/A/AppleJPEG
0x00007ff816cdf000 	/System/Library/PrivateFrameworks/FontServices.framework/libFontParser.dylib
0x00007ff8147f2000 	/System/Library/PrivateFrameworks/RunningBoardServices.framework/Versions/A/RunningBoardServices
0x00007ff8254fe000 	/System/Library/PrivateFrameworks/IOSurfaceAccelerator.framework/Versions/A/IOSurfaceAccelerator
0x00007ff81a4a2000 	/System/Library/PrivateFrameworks/WatchdogClient.framework/Versions/A/WatchdogClient
0x00007ff80f443000 	/System/Library/Frameworks/CoreDisplay.framework/Versions/A/CoreDisplay
0x00007ff816bdd000 	/System/Library/Frameworks/CoreMedia.framework/Versions/A/CoreMedia
0x00007ff816a71000 	/System/Library/PrivateFrameworks/IOAccelerator.framework/Versions/A/IOAccelerator
0x00007ff815976000 	/System/Library/Frameworks/CoreVideo.framework/Versions/A/CoreVideo
0x00007ff819152000 	/System/Library/Frameworks/MetalPerformanceShaders.framework/Versions/A/MetalPerformanceShaders
0x00007ff81a4df000 	/System/Library/Frameworks/VideoToolbox.framework/Versions/A/VideoToolbox
0x00007ff81473c000 	/System/Library/PrivateFrameworks/BaseBoard.framework/Versions/A/BaseBoard
0x00007ff8144c3000 	/System/Library/PrivateFrameworks/ProtocolBuffer.framework/Versions/A/ProtocolBuffer
0x00007ff81ab26000 	/System/Library/PrivateFrameworks/GPUWrangler.framework/Versions/A/GPUWrangler
0x00007ff81ab0a000 	/System/Library/PrivateFrameworks/IOPresentment.framework/Versions/A/IOPresentment
0x00007ff81ab30000 	/System/Library/PrivateFrameworks/DSExternalDisplay.framework/Versions/A/DSExternalDisplay
0x00007ffa26eb6000 	/System/Library/Frameworks/OpenGL.framework/Versions/A/Libraries/libCoreFSCache.dylib
0x00007ffb13f8c000 	/System/Library/PrivateFrameworks/GPUCompiler.framework/Versions/31001/Libraries/libGPUCompilerUtils.dylib
0x00007ff81ab9b000 	/System/Library/PrivateFrameworks/CMCaptureCore.framework/Versions/A/CMCaptureCore
0x00007ff81a0a4000 	/System/Library/PrivateFrameworks/AppServerSupport.framework/Versions/A/AppServerSupport
0x00007ff81c369000 	/System/Library/PrivateFrameworks/perfdata.framework/Versions/A/perfdata
0x00007ff80f56f000 	/System/Library/PrivateFrameworks/AudioToolboxCore.framework/Versions/A/AudioToolboxCore
0x00007ff816bbb000 	/System/Library/PrivateFrameworks/caulk.framework/Versions/A/caulk
0x00007ff81bc7b000 	/usr/lib/libAudioStatistics.dylib
0x00007ff913971000 	/System/Library/PrivateFrameworks/SystemPolicy.framework/Versions/A/SystemPolicy
0x00007ff81bed6000 	/usr/lib/libSMC.dylib
0x00007ff824df6000 	/System/Library/Frameworks/CoreMIDI.framework/Versions/A/CoreMIDI
0x00007ff81aa54000 	/usr/lib/libAudioToolboxUtility.dylib
0x00007ff90fb99000 	/System/Library/PrivateFrameworks/OSAServicesClient.framework/Versions/A/OSAServicesClient
0x00007ff81c376000 	/usr/lib/libperfcheck.dylib
0x00007ff91441e000 	/usr/lib/libmis.dylib
0x00007ffa26f11000 	/System/Library/Frameworks/OpenGL.framework/Versions/A/Libraries/libGLU.dylib
0x00007ffa26ed5000 	/System/Library/Frameworks/OpenGL.framework/Versions/A/Libraries/libGFXShared.dylib
0x00007ffa270de000 	/System/Library/Frameworks/OpenGL.framework/Versions/A/Libraries/libGL.dylib
0x00007ffa26ede000 	/System/Library/Frameworks/OpenGL.framework/Versions/A/Libraries/libGLImage.dylib
0x00007ffa26ed2000 	/System/Library/Frameworks/OpenGL.framework/Versions/A/Libraries/libCVMSPluginSupport.dylib
0x00007ffa26ebd000 	/System/Library/Frameworks/OpenGL.framework/Versions/A/Libraries/libCoreVMClient.dylib
0x00007ff817727000 	/System/Library/Frameworks/MetalPerformanceShaders.framework/Versions/A/Frameworks/MPSCore.framework/Versions/A/MPSCore
0x00007ff818ae9000 	/System/Library/Frameworks/MetalPerformanceShaders.framework/Versions/A/Frameworks/MPSImage.framework/Versions/A/MPSImage
0x00007ff81858f000 	/System/Library/Frameworks/MetalPerformanceShaders.framework/Versions/A/Frameworks/MPSNeuralNetwork.framework/Versions/A/MPSNeuralNetwork
0x00007ff818a03000 	/System/Library/Frameworks/MetalPerformanceShaders.framework/Versions/A/Frameworks/MPSMatrix.framework/Versions/A/MPSMatrix
0x00007ff8187be000 	/System/Library/Frameworks/MetalPerformanceShaders.framework/Versions/A/Frameworks/MPSRayIntersector.framework/Versions/A/MPSRayIntersector
0x00007ff818a3b000 	/System/Library/Frameworks/MetalPerformanceShaders.framework/Versions/A/Frameworks/MPSNDArray.framework/Versions/A/MPSNDArray
0x00007ffa2c996000 	/System/Library/Frameworks/MetalPerformanceShaders.framework/Versions/A/Frameworks/MPSFunctions.framework/Versions/A/MPSFunctions
0x00007ff80e876000 	/System/Library/PrivateFrameworks/MetalTools.framework/Versions/A/MetalTools
0x00007ff8177a3000 	/System/Library/PrivateFrameworks/AggregateDictionary.framework/Versions/A/AggregateDictionary
0x00007ff8198de000 	/usr/lib/libIOReport.dylib
0x00007ffa284ed000 	/System/Library/Frameworks/OpenCL.framework/Versions/A/OpenCL
0x00007ff819c42000 	/System/Library/PrivateFrameworks/FaceCore.framework/Versions/A/FaceCore
0x00007ff819c33000 	/System/Library/PrivateFrameworks/GraphVisualizer.framework/Versions/A/GraphVisualizer
0x00007ffb13e97000 	/System/Library/PrivateFrameworks/FontServices.framework/Versions/A/FontServices
0x00007ff81a05c000 	/System/Library/PrivateFrameworks/OTSVG.framework/Versions/A/OTSVG
0x00007ff81555c000 	/System/Library/Frameworks/ApplicationServices.framework/Versions/A/Frameworks/ATS.framework/Versions/A/Resources/libFontRegistry.dylib
0x00007ff81a0ac000 	/System/Library/PrivateFrameworks/FontServices.framework/libhvf.dylib
0x00007ffb13e98000 	/System/Library/PrivateFrameworks/FontServices.framework/libXTFontStaticRegistryData.dylib
0x00007ff819aac000 	/System/Library/PrivateFrameworks/AppleVA.framework/Versions/A/AppleVA
0x00007ff81bc9b000 	/System/Library/Frameworks/ApplicationServices.framework/Versions/A/Frameworks/ATS.framework/Versions/A/ATS
0x00007ff813c09000 	/System/Library/Frameworks/ApplicationServices.framework/Versions/A/Frameworks/HIServices.framework/Versions/A/HIServices
0x00007ff81aba5000 	/System/Library/Frameworks/ApplicationServices.framework/Versions/A/Frameworks/PrintCore.framework/Versions/A/PrintCore
0x00007ff81c029000 	/System/Library/Frameworks/ApplicationServices.framework/Versions/A/Frameworks/QD.framework/Versions/A/QD
0x00007ff81c021000 	/System/Library/Frameworks/ApplicationServices.framework/Versions/A/Frameworks/ColorSyncLegacy.framework/Versions/A/ColorSyncLegacy
0x00007ff81bc8b000 	/System/Library/Frameworks/ApplicationServices.framework/Versions/A/Frameworks/SpeechSynthesis.framework/Versions/A/SpeechSynthesis
0x00007ff81ab66000 	/System/Library/Frameworks/ApplicationServices.framework/Versions/A/Frameworks/ATSUI.framework/Versions/A/ATSUI
0x00007ff81bfb6000 	/usr/lib/libcups.2.dylib
0x00007ff81c385000 	/System/Library/Frameworks/Kerberos.framework/Versions/A/Kerberos
0x00007ff81c394000 	/System/Library/Frameworks/GSS.framework/Versions/A/GSS
0x00007ff81bd07000 	/usr/lib/libresolv.9.dylib
0x00007ff81a0bb000 	/System/Library/PrivateFrameworks/Heimdal.framework/Versions/A/Heimdal
0x00007ff822f79000 	/System/Library/Frameworks/Kerberos.framework/Versions/A/Libraries/libHeimdalProxy.dylib
0x00007ff8148c6000 	/System/Library/Frameworks/Network.framework/Versions/A/Network
0x00007ff819b16000 	/usr/lib/libheimdal-asn1.dylib
0x00007ff81c3df000 	/System/Library/PrivateFrameworks/CommonAuth.framework/Versions/A/CommonAuth
0x00007ff81bc0d000 	/System/Library/PrivateFrameworks/AudioSession.framework/Versions/A/AudioSession
0x00007ff819ba6000 	/System/Library/PrivateFrameworks/MediaExperience.framework/Versions/A/MediaExperience
0x00007ff81ba9f000 	/System/Library/PrivateFrameworks/AudioSession.framework/libSessionUtility.dylib
0x00007ff81c035000 	/System/Library/PrivateFrameworks/AudioResourceArbitration.framework/Versions/A/AudioResourceArbitration
0x00007ff8200b6000 	/System/Library/PrivateFrameworks/PowerLog.framework/Versions/A/PowerLog
0x00007ff819b1f000 	/System/Library/PrivateFrameworks/IconFoundation.framework/Versions/A/IconFoundation
0x00007ff81ee6c000 	/System/Library/PrivateFrameworks/SpeechRecognitionCore.framework/Versions/A/SpeechRecognitionCore
0x0000000103ef8000 	/Users/hakizimanaemmanuel/Library/Java/JavaVirtualMachines/corretto-17.0.3/Contents/Home/lib/server/libjvm.dylib
0x0000000102de0000 	/Users/hakizimanaemmanuel/Library/Java/JavaVirtualMachines/corretto-17.0.3/Contents/Home/lib/libjimage.dylib
0x0000000102e5e000 	/Users/hakizimanaemmanuel/Library/Java/JavaVirtualMachines/corretto-17.0.3/Contents/Home/lib/libjava.dylib
0x0000000103cc4000 	/Users/hakizimanaemmanuel/Library/Java/JavaVirtualMachines/corretto-17.0.3/Contents/Home/lib/libnio.dylib
0x0000000103cfe000 	/Users/hakizimanaemmanuel/Library/Java/JavaVirtualMachines/corretto-17.0.3/Contents/Home/lib/libnet.dylib
0x0000000103ce0000 	/Users/hakizimanaemmanuel/Library/Java/JavaVirtualMachines/corretto-17.0.3/Contents/Home/lib/libzip.dylib
0x0000000103d1e000 	/Users/hakizimanaemmanuel/.openjfx/cache/17.0.1/libprism_es2.dylib
0x00007ff810a07000 	/System/Library/PrivateFrameworks/CoreServicesInternal.framework/Versions/A/CoreServicesInternal
0x00007ffa270e9000 	/System/Library/Frameworks/OpenGL.framework/Versions/A/Resources/GLEngine.bundle/GLEngine
0x00007ffa26f4f000 	/System/Library/Frameworks/OpenGL.framework/Versions/A/Libraries/libGLProgrammability.dylib
0x00007ffa1e9bf000 	/System/Library/Extensions/AppleIntelSKLGraphicsGLDriver.bundle/Contents/MacOS/AppleIntelSKLGraphicsGLDriver
0x00007ff91e5b9000 	/System/Library/PrivateFrameworks/GPUSupport.framework/Versions/A/Libraries/libGPUSupportMercury.dylib
0x00007ffa27273000 	/System/Library/Frameworks/OpenGL.framework/Versions/A/Resources/GLRendererFloat.bundle/GLRendererFloat
0x000000010b9ae000 	/Users/hakizimanaemmanuel/.openjfx/cache/17.0.1/libglass.dylib
0x00007ff8206a7000 	/System/Library/Frameworks/FileProvider.framework/Versions/A/FileProvider
0x00007ff8146a9000 	/System/Library/Frameworks/Accounts.framework/Versions/A/Accounts
0x00007ff820820000 	/System/Library/PrivateFrameworks/GenerationalStorage.framework/Versions/A/GenerationalStorage
0x00007ff821330000 	/System/Library/PrivateFrameworks/CoreSymbolication.framework/Versions/A/CoreSymbolication
0x00007ff8200ab000 	/System/Library/PrivateFrameworks/SymptomDiagnosticReporter.framework/Versions/A/SymptomDiagnosticReporter
0x00007ff811cc8000 	/System/Library/PrivateFrameworks/DesktopServicesPriv.framework/Versions/A/DesktopServicesPriv
0x00007ff810b46000 	/usr/lib/libsandbox.1.dylib
0x00007ff8159f5000 	/System/Library/PrivateFrameworks/UserManagement.framework/Versions/A/UserManagement
0x00007ff8212f5000 	/System/Library/PrivateFrameworks/DebugSymbols.framework/Versions/A/DebugSymbols
0x00007ff81c016000 	/System/Library/PrivateFrameworks/NetAuth.framework/Versions/A/NetAuth
0x00007ff81cf25000 	/System/Library/PrivateFrameworks/Sharing.framework/Versions/A/Sharing
0x00007ff8159c8000 	/System/Library/PrivateFrameworks/login.framework/Versions/A/Frameworks/loginsupport.framework/Versions/A/loginsupport
0x00007ff822493000 	/System/Library/PrivateFrameworks/Apple80211.framework/Versions/A/Apple80211
0x00007ff818bce000 	/System/Library/PrivateFrameworks/AuthKit.framework/Versions/A/AuthKit
0x00007ff818223000 	/System/Library/PrivateFrameworks/CoreUtils.framework/Versions/A/CoreUtils
0x00007ff81814a000 	/System/Library/Frameworks/CoreWLAN.framework/Versions/A/CoreWLAN
0x00007ff81d084000 	/System/Library/Frameworks/IOBluetooth.framework/Versions/A/IOBluetooth
0x00007ff8224fb000 	/System/Library/PrivateFrameworks/CoreWiFi.framework/Versions/A/CoreWiFi
0x00007ff820eca000 	/System/Library/PrivateFrameworks/FrontBoardServices.framework/Versions/A/FrontBoardServices
0x00007ff820f5b000 	/System/Library/PrivateFrameworks/BoardServices.framework/Versions/A/BoardServices
0x00007ff818432000 	/System/Library/PrivateFrameworks/AssertionServices.framework/Versions/A/AssertionServices
0x00007ff82267e000 	/System/Library/PrivateFrameworks/BackBoardServices.framework/Versions/A/BackBoardServices
0x00007ff81c470000 	/System/Library/PrivateFrameworks/CorePhoneNumbers.framework/Versions/A/CorePhoneNumbers
0x00007ff81bd34000 	/System/Library/PrivateFrameworks/MultiverseSupport.framework/Versions/A/MultiverseSupport
0x00007ff8228f2000 	/System/Library/PrivateFrameworks/RemoteServiceDiscovery.framework/Versions/A/RemoteServiceDiscovery
0x00007ff8201c8000 	/System/Library/PrivateFrameworks/DiskManagement.framework/Versions/A/DiskManagement
0x00007ff8200dc000 	/System/Library/PrivateFrameworks/AppleIDAuthSupport.framework/Versions/A/AppleIDAuthSupport
0x00007ffb0e812000 	/System/Library/PrivateFrameworks/AAAFoundation.framework/Versions/A/AAAFoundation
0x00007ff81c451000 	/System/Library/PrivateFrameworks/KeychainCircle.framework/Versions/A/KeychainCircle
0x00007ff822902000 	/System/Library/PrivateFrameworks/RemoteXPC.framework/Versions/A/RemoteXPC
0x00007ff820194000 	/System/Library/PrivateFrameworks/MediaKit.framework/Versions/A/MediaKit
0x00007ff8200e8000 	/System/Library/Frameworks/DiscRecording.framework/Versions/A/DiscRecording
0x00007ff819a24000 	/usr/lib/libCoreStorage.dylib
0x00007ff82296d000 	/usr/lib/libcsfde.dylib
0x00007ff81d151000 	/System/Library/PrivateFrameworks/ProtectedCloudStorage.framework/Versions/A/ProtectedCloudStorage
0x00007ff822969000 	/System/Library/PrivateFrameworks/EFILogin.framework/Versions/A/EFILogin
0x00007ff820846000 	/System/Library/PrivateFrameworks/OctagonTrust.framework/Versions/A/OctagonTrust
0x00007ffb130fa000 	/System/Library/PrivateFrameworks/CoreUtilsExtras.framework/Versions/A/CoreUtilsExtras
0x00007ff82000f000 	/System/Library/Frameworks/CoreBluetooth.framework/Versions/A/CoreBluetooth
0x00007ff822ffe000 	/System/Library/Frameworks/AudioUnit.framework/Versions/A/AudioUnit
0x00007ff819a1c000 	/usr/lib/libMatch.1.dylib
0x00007ff918a42000 	/System/Library/Frameworks/Accelerate.framework/Versions/A/Frameworks/vImage.framework/Versions/A/Libraries/libCGInterfaces.dylib
0x00000001226d9000 	/usr/lib/libobjc-trampolines.dylib
0x00007ff8156ed000 	/System/Library/PrivateFrameworks/ViewBridge.framework/Versions/A/ViewBridge


VM Arguments:
jvm_args: -Dfile.encoding=UTF-8 -Duser.country=DE -Duser.language=en -Duser.variant --module-path=/Users/hakizimanaemmanuel/Desktop/bachelor-project/build/libs/Pacman-1.0-SNAPSHOT.jar:/Users/hakizimanaemmanuel/Desktop/bachelor-project/build/classes/java/main:/Users/hakizimanaemmanuel/.gradle/caches/modules-2/files-2.1/org.openjfx/javafx-fxml/17.0.1/4ec9abf3948b347b5ce0e09813add3f25a6dbc0b/javafx-fxml-17.0.1-mac.jar:/Users/hakizimanaemmanuel/.gradle/caches/modules-2/files-2.1/org.openjfx/javafx-controls/17.0.1/9c4e3c7ee4fe3f2d71cb94811910695f43040dc5/javafx-controls-17.0.1-mac.jar:/Users/hakizimanaemmanuel/.gradle/caches/modules-2/files-2.1/org.openjfx/javafx-controls/17.0.1/4aa202089425f7b3bac4566e98da4b94ad10ee00/javafx-controls-17.0.1.jar:/Users/hakizimanaemmanuel/.gradle/caches/modules-2/files-2.1/org.openjfx/javafx-graphics/17.0.1/60505369f7528056d4d8c5ea080df5447bdb0264/javafx-graphics-17.0.1-mac.jar:/Users/hakizimanaemmanuel/.gradle/caches/modules-2/files-2.1/org.openjfx/javafx-graphics/17.0.1/5e29de2d1e6320c2c8c4af9fef186d82f3953155/javafx-graphics-17.0.1-win.jar:/Users/hakizimanaemmanuel/.gradle/caches/modules-2/files-2.1/org.openjfx/javafx-graphics/17.0.1/fd5a2d9a6d0a503e126b710c620a70830df46573/javafx-graphics-17.0.1-linux.jar:/Users/hakizimanaemmanuel/.gradle/caches/modules-2/files-2.1/org.openjfx/javafx-graphics/17.0.1/324fd0f6c9c55330fc64a44dde0887d9646e800a/javafx-graphics-17.0.1.jar:/Users/hakizimanaemmanuel/.gradle/caches/modules-2/files-2.1/org.openjfx/javafx-base/17.0.1/75cfa6f780ea3b3fd4ae336161e9e136ebb91ef2/javafx-base-17.0.1-mac.jar:/Users/hakizimanaemmanuel/.gradle/caches/modules-2/files-2.1/org.openjfx/javafx-base/17.0.1/2c53dcf0d89ff42a63b09d941cab75c5a052ef32/javafx-base-17.0.1.jar:/Users/hakizimanaemmanuel/.gradle/caches/modules-2/files-2.1/org.controlsfx/controlsfx/11.1.2/584bc3f468e2c33100fcdbb1daf0a3e095e5e031/controlsfx-11.1.2.jar:/Users/hakizimanaemmanuel/.gradle/caches/modules-2/files-2.1/com.dlsc.formsfx/formsfx-core/11.5.0/4e6bc5b8ba4633b1c59d19380623c980eb81e7c2/formsfx-core-11.5.0.jar:/Users/hakizimanaemmanuel/-Djdk.module.main=de.bp.pacman 
java_command: de.bp.pacman/de.bp.pacman.Main
java_class_path (initial): /Users/hakizimanaemmanuel/Desktop/bachelor-project/build/resources/main
Launcher Type: SUN_STANDARD

[Global flags]
     intx CICompilerCount                          = 3                                         {product} {ergonomic}
     uint ConcGCThreads                            = 1                                         {product} {ergonomic}
     uint G1ConcRefinementThreads                  = 4                                         {product} {ergonomic}
   size_t G1HeapRegionSize                         = 1048576                                   {product} {ergonomic}
    uintx GCDrainStackTargetSize                   = 64                                        {product} {ergonomic}
   size_t InitialHeapSize                          = 134217728                                 {product} {ergonomic}
   size_t MarkStackSize                            = 4194304                                   {product} {ergonomic}
   size_t MaxHeapSize                              = 2147483648                                {product} {ergonomic}
   size_t MaxNewSize                               = 1287651328                                {product} {ergonomic}
   size_t MinHeapDeltaBytes                        = 1048576                                   {product} {ergonomic}
   size_t MinHeapSize                              = 8388608                                   {product} {ergonomic}
    uintx NonNMethodCodeHeapSize                   = 5832780                                {pd product} {ergonomic}
    uintx NonProfiledCodeHeapSize                  = 122912730                              {pd product} {ergonomic}
    uintx ProfiledCodeHeapSize                     = 122912730                              {pd product} {ergonomic}
    uintx ReservedCodeCacheSize                    = 251658240                              {pd product} {ergonomic}
     bool SegmentedCodeCache                       = true                                      {product} {ergonomic}
   size_t SoftMaxHeapSize                          = 2147483648                             {manageable} {ergonomic}
     bool UseCompressedClassPointers               = true                           {product lp64_product} {ergonomic}
     bool UseCompressedOops                        = true                           {product lp64_product} {ergonomic}
     bool UseG1GC                                  = true                                      {product} {ergonomic}
     bool UseNUMA                                  = false                                     {product} {ergonomic}
     bool UseNUMAInterleaving                      = false                                     {product} {ergonomic}

Logging:
Log output configuration:
 #0: stdout all=warning uptime,level,tags
 #1: stderr all=off uptime,level,tags

Environment Variables:
JAVA_HOME=/Library/Java/JavaVirtualMachines/jdk-17.0.1.jdk/Contents/Home
PATH=/opt/anaconda3/bin:/opt/anaconda3/condabin:/Library/Frameworks/Python.framework/Versions/3.8/bin:/Library/Frameworks/Python.framework/Versions/3.8/bin:/usr/local/bin:/usr/bin:/bin:/usr/sbin:/sbin:/usr/local/share/dotnet:/opt/X11/bin:~/.dotnet/tools
SHELL=/bin/bash
DISPLAY=/private/tmp/com.apple.launchd.LicBfHWwv8/org.macosforge.xquartz:0
LC_CTYPE=en_DE.UTF-8

Signal Handlers:
   SIGSEGV: _ZL13crash_handleriP9__siginfoPv in libjvm.dylib, mask=11100110000111110111111111111111, flags=SA_RESTART|SA_SIGINFO
    SIGBUS: _ZL13crash_handleriP9__siginfoPv in libjvm.dylib, mask=11100110000111110111111111111111, flags=SA_RESTART|SA_SIGINFO
    SIGFPE: _ZL13crash_handleriP9__siginfoPv in libjvm.dylib, mask=11100110000111110111111111111111, flags=SA_RESTART|SA_SIGINFO
   SIGPIPE: _ZL17javaSignalHandleriP9__siginfoPv in libjvm.dylib, mask=11100110000111110111111111111111, flags=SA_RESTART|SA_SIGINFO
   SIGXFSZ: _ZL17javaSignalHandleriP9__siginfoPv in libjvm.dylib, mask=11100110000111110111111111111111, flags=SA_RESTART|SA_SIGINFO
    SIGILL: _ZL13crash_handleriP9__siginfoPv in libjvm.dylib, mask=11100110000111110111111111111111, flags=SA_RESTART|SA_SIGINFO
   SIGUSR2: _ZL10SR_handleriP9__siginfoP17__darwin_ucontext in libjvm.dylib, mask=00100000000000000000000000000000, flags=SA_RESTART|SA_SIGINFO
    SIGHUP: _ZL11UserHandleriPvS_ in libjvm.dylib, mask=11100110000111110111111111111111, flags=SA_RESTART|SA_SIGINFO
    SIGINT: _ZL11UserHandleriPvS_ in libjvm.dylib, mask=11100110000111110111111111111111, flags=SA_RESTART|SA_SIGINFO
   SIGTERM: _ZL11UserHandleriPvS_ in libjvm.dylib, mask=11100110000111110111111111111111, flags=SA_RESTART|SA_SIGINFO
   SIGQUIT: _ZL11UserHandleriPvS_ in libjvm.dylib, mask=11100110000111110111111111111111, flags=SA_RESTART|SA_SIGINFO
  *** Handler was modified!
  *** Expected: _ZL17javaSignalHandleriP9__siginfoPv in libjvm.dylib, mask=11100110100111111111111111111111, flags=SA_RESTART|SA_SIGINFO
   SIGTRAP: _ZL13crash_handleriP9__siginfoPv in libjvm.dylib, mask=11100110000111110111111111111111, flags=SA_RESTART|SA_SIGINFO


---------------  S Y S T E M  ---------------

OS:
uname: Darwin 21.6.0 Darwin Kernel Version 21.6.0: Mon Dec 19 20:44:01 PST 2022; root:xnu-8020.240.18~2/RELEASE_X86_64 x86_64
OS uptime: 4 days 4:07 hours
rlimit (soft/hard): STACK 8192k/65532k , CORE 0k/infinity , NPROC 1392/2088 , NOFILE 10240/infinity , AS infinity/infinity , CPU infinity/infinity , DATA infinity/infinity , FSIZE infinity/infinity , MEMLOCK infinity/infinity , RSS infinity/infinity
load average: 7.38 5.29 5.37

CPU: total 4 (initial active 4) (2 cores per cpu, 2 threads per core) family 6 model 78 stepping 3 microcode 0xf0, cx8, cmov, fxsr, ht, mmx, 3dnowpref, sse, sse2, sse3, ssse3, sse4.1, sse4.2, popcnt, lzcnt, tsc, tscinvbit, avx, avx2, aes, erms, clmul, bmi1, bmi2, adx, fma, vzeroupper, clflush, clflushopt

Memory: 4k page, physical 8388608k(16584k free), swap 4194304k(673280k free)

vm_info: OpenJDK 64-Bit Server VM (17.0.3+6-LTS) for bsd-amd64 JRE (17.0.3+6-LTS), built on Apr 15 2022 22:02:47 by "ec2user" with clang Apple LLVM 13.0.0 (clang-1300.0.29.30)

END.
